#
# A fatal error has been detected by the Java Runtime Environment:
#
#  SIGSEGV (0xb) at pc=0x0000000000841f0f, pid=4800, tid=4845
#
# JRE version: Java(TM) SE Runtime Environment (21.0.2+13) (build 21.0.2+13-LTS-58)
# Java VM: Java HotSpot(TM) 64-Bit Server VM (21.0.2+13-LTS-58, mixed mode, sharing, tiered, compressed oops, compressed class ptrs, g1 gc, linux-amd64)
# Problematic frame:
# V  [libjvm.so+0xb8f9da]  PhaseIdealLoop::build_loop_early(VectorSet&, Node_List&, Node_Stack&)+0x7a
#
# Core dump will be written. Default location: Core dumps may be processed with "/usr/share/apport/apport -p%p -s%s -c%c -d%d -P%P -u%u -g%g -- %E" (or dumping to /home/varshil/Desktop/MicroServices/UserService/core.4800)
#
# If you would like to submit a bug report, please visit:
#   https://bugreport.java.com/bugreport/crash.jsp
#

---------------  S U M M A R Y ------------

Command Line: -javaagent:/home/varshil/Downloads/ideaIC-2024.1.2/idea-IC-241.17011.79/lib/idea_rt.jar=41233:/home/varshil/Downloads/ideaIC-2024.1.2/idea-IC-241.17011.79/bin -Dfile.encoding=UTF-8 -Dsun.stdout.encoding=UTF-8 -Dsun.stderr.encoding=UTF-8 com.lcwd.gateway.ApiGateWayApplication

Host: Intel(R) Core(TM) i3-6100 CPU @ 3.70GHz, 4 cores, 7G, Ubuntu 22.04.4 LTS
Time: Wed Jun  5 12:34:25 2024 IST elapsed time: 4.835839 seconds (0d 0h 0m 4s)

---------------  T H R E A D  ---------------

Current thread (0x0000740bec5b9760):  JavaThread "C2 CompilerThread1" daemon [_thread_in_native, id=4845, stack(0x0000740c127fe000,0x0000740c128fe000) (1024K)]


Current CompileTask:
C2:   4835 3833       4       org.springframework.beans.factory.support.AbstractBeanFactory::isTypeMatch (745 bytes)

Stack: [0x0000740c127fe000,0x0000740c128fe000],  sp=0x0000740c128f94b0,  free space=1005k
Native frames: (J=compiled Java code, j=interpreted, Vv=VM code, C=native code)
V  [libjvm.so+0xb8f9da]  PhaseIdealLoop::build_loop_early(VectorSet&, Node_List&, Node_Stack&)+0x7a
V  [libjvm.so+0xb99493]  PhaseIdealLoop::build_and_optimize()+0x683
V  [libjvm.so+0x644efb]  Compile::Optimize()+0xaeb
V  [libjvm.so+0x646acd]  Compile::Compile(ciEnv*, ciMethod*, int, Options, DirectiveSet*)+0xf1d
V  [libjvm.so+0x57435d]  C2Compiler::compile_method(ciEnv*, ciMethod*, int, bool, DirectiveSet*)+0x17d
V  [libjvm.so+0x64c847]  CompileBroker::invoke_compiler_on_method(CompileTask*)+0xa97
V  [libjvm.so+0x64f928]  CompileBroker::compiler_thread_loop()+0x698
V  [libjvm.so+0x8f8a78]  JavaThread::thread_main_inner() [clone .part.0]+0xb8
V  [libjvm.so+0xe9e998]  Thread::call_run()+0xa8
V  [libjvm.so+0xcc444a]  thread_native_entry(Thread*)+0xda

siginfo: si_signo: 11 (SIGSEGV), si_code: 1 (SEGV_MAPERR), si_addr: 0x0000000000841f0f

Registers:
RAX=0x0000740c8a209df0, RBX=0x0000740c128f9960, RCX=0x0000000000002000, RDX=0x0000000000000008
RSP=0x0000740c128f94a8, RBP=0x0000740c128f9510, RSI=0x0000740bc00eaa90, RDI=0x0000740c8afb8a30
R8 =0x0000000000001458, R9 =0x000000000000028b, R10=0x0000740bc006c819, R11=0x0000740bc0000090
R12=0x0000740c128f9560, R13=0x0000740bec66fcc0, R14=0x0000740c8afb8a30, R15=0x0000000000000009
RIP=0x0000000000841f0f, EFLAGS=0x0000000000010206, CSGSFS=0x002b000000000033, ERR=0x0000000000000014
  TRAPNO=0x000000000000000e


Register to memory mapping:

RAX=0x0000740c8a209df0: <offset 0x0000000000609df0> in /home/varshil/jdk-21.0.2/lib/server/libjvm.so at 0x0000740c89c00000
RBX=0x0000740c128f9960 is pointing into the stack for thread: 0x0000740bec5b9760
RCX=0x0000000000002000 is an unknown value
RDX=0x0000000000000008 is an unknown value
RSP=0x0000740c128f94a8 is pointing into the stack for thread: 0x0000740bec5b9760
RBP=0x0000740c128f9510 is pointing into the stack for thread: 0x0000740bec5b9760
RSI=0x0000740bc00eaa90 points into unknown readable memory: 0x0000740bdcba22e0 | e0 22 ba dc 0b 74 00 00
RDI=0x0000740c8afb8a30: <offset 0x00000000013b8a30> in /home/varshil/jdk-21.0.2/lib/server/libjvm.so at 0x0000740c89c00000
R8 =0x0000000000001458 is an unknown value
R9 =0x000000000000028b is an unknown value
R10=0x0000740bc006c819 points into unknown readable memory: 68 fc 8a 0c 74 00 00
R11=0x0000740bc0000090 points into unknown readable memory: 0x0000740bc03da7a0 | a0 a7 3d c0 0b 74 00 00
R12=0x0000740c128f9560 is pointing into the stack for thread: 0x0000740bec5b9760
R13=0x0000740bec66fcc0 points into unknown readable memory: 0x0000740c8afb8a30 | 30 8a fb 8a 0c 74 00 00
R14=0x0000740c8afb8a30: <offset 0x00000000013b8a30> in /home/varshil/jdk-21.0.2/lib/server/libjvm.so at 0x0000740c89c00000
R15=0x0000000000000009 is an unknown value

Top of Stack: (sp=0x0000740c128f94a8)
0x0000740c128f94a8:   0000740c8a78f9da 0000000000005be0
0x0000740c128f94b8:   0000740c128f9580 0000740c0000102e
0x0000740c128f94c8:   0000740c00000081 0000740c128f95a0
0x0000740c128f94d8:   0000740b80000004 0000740c128f9510
0x0000740c128f94e8:   0000000000000000 0000740c128f9560
0x0000740c128f94f8:   0000000000000001 0000740c128f95a0
0x0000740c128f9508:   0000740c128f9960 0000740c128f9810
0x0000740c128f9518:   0000740c8a799493 0000740c00001000
0x0000740c128f9528:   0000740b00000001 0000740c128f9580
0x0000740c128f9538:   0000000000005be0 0000740c84004da0
0x0000740c128f9548:   0000740bdc0014a0 0000740c128f9670
0x0000740c128f9558:   0000740c8a9122c0 0000740c00000100
0x0000740c128f9568:   0000740bec2e01b0 0000740b00000100
0x0000740c128f9578:   0000740bec5b9eb0 0000740bec2d9780
0x0000740c128f9588:   0000740bec2df370 0000740bec2d9790
0x0000740c128f9598:   0000740bec5b9eb0 0000740bec5b9eb0
0x0000740c128f95a8:   0000740b00000100 0000740bec2df9b0
0x0000740c128f95b8:   0000740b00000018 0000740bec5b9eb0
0x0000740c128f95c8:   0000740c00000004 0000740be8134698
0x0000740c128f95d8:   0000000000000000 0000740c128f9a50
0x0000740c128f95e8:   0000740bec675530 0000740be8891b18
0x0000740c128f95f8:   0000000000000000 0000740c128f9650
0x0000740c128f9608:   0000740c8a890f44 0000000000000000
0x0000740c128f9618:   0000740c128f9a50 0000000000000000
0x0000740c128f9628:   0000740c8a2362d1 0000740c128f9a50
0x0000740c128f9638:   0000740bdc0015b0 0000000000000076
0x0000740c128f9648:   0000740bdc0014a0 0000740c128f9a50
0x0000740c128f9658:   0000740c84004da0 0000740c128f9780
0x0000740c128f9668:   0000740c8a9122c0 0000740c128f9740
0x0000740c128f9678:   0000740c8a892fb6 0000740bdcba22d0
0x0000740c128f9688:   00000000000a08d0 0000740bdcba22d0
0x0000740c128f9698:   0000740c8a1c1339 0000740c128f96f0 

Instructions: (pc=0x0000740c8a78f9da)
0x0000740c8a78f8da:   ff 89 c6 48 89 d7 44 89 55 a8 4c 89 45 80 89 45
0x0000740c8a78f8ea:   88 48 89 55 90 e8 4c 21 10 00 44 8b 55 a8 4c 8b
0x0000740c8a78f8fa:   45 80 8b 45 88 48 8b 55 90 e9 df fe ff ff f2 0f
0x0000740c8a78f90a:   10 05 e8 9b 54 00 66 0f 28 d0 f2 0f 10 05 4c 9d
0x0000740c8a78f91a:   54 00 f2 0f 5c d1 66 0f 2f d0 0f 83 5d fa ff ff
0x0000740c8a78f92a:   e9 2d fa ff ff 48 8d 05 fa 56 85 00 48 8d 0d d1
0x0000740c8a78f93a:   75 4b 00 48 8d 15 6c 7c 4f 00 be da 03 00 00 48
0x0000740c8a78f94a:   8d 3d 18 cd 4e 00 48 8b 00 c6 00 58 31 c0 e8 43
0x0000740c8a78f95a:   ec af ff 90 66 90 55 48 89 e5 41 57 41 56 41 55
0x0000740c8a78f96a:   41 54 53 48 83 ec 38 8b 42 18 48 89 55 c0 48 89
0x0000740c8a78f97a:   4d a8 85 c0 0f 84 0b 04 00 00 48 89 fb 49 89 f4
0x0000740c8a78f98a:   48 8b 7d c0 83 e8 01 45 31 ff 48 8b 57 10 89 47
0x0000740c8a78f99a:   18 4c 8b 2c c2 41 8b 45 18 89 45 c8 45 85 ff 0f
0x0000740c8a78f9aa:   84 31 01 00 00 90 44 3b 7d c8 0f 83 d0 00 00 00
0x0000740c8a78f9ba:   49 8b 45 08 44 89 fa 41 83 c7 01 4c 8b 34 d0 4d
0x0000740c8a78f9ca:   85 f6 74 e2 49 8b 06 4c 89 f7 ff 90 a8 00 00 00
0x0000740c8a78f9da:   84 c0 74 2d 49 8b 06 4c 89 f7 ff 50 10 84 c0 75
0x0000740c8a78f9ea:   20 49 8b 46 08 48 8b 08 41 8b 46 28 48 83 c1 01
0x0000740c8a78f9fa:   3b 43 20 0f 83 1d 02 00 00 48 8b 73 28 48 89 0c
0x0000740c8a78fa0a:   c6 41 8b 4e 28 89 c8 c1 e8 05 41 3b 04 24 0f 83
0x0000740c8a78fa1a:   ca 01 00 00 49 8b 74 24 08 ba 01 00 00 00 d3 e2
0x0000740c8a78fa2a:   48 8d 34 86 89 d7 89 d1 8b 06 09 c7 21 c1 89 3e
0x0000740c8a78fa3a:   41 8b 46 28 3b 43 20 0f 83 f9 01 00 00 48 8b 73
0x0000740c8a78fa4a:   28 48 83 3c c6 00 0f 84 ea 01 00 00 85 c9 0f 85
0x0000740c8a78fa5a:   52 ff ff ff 48 8b 55 c0 8b 42 18 8d 48 01 89 4a
0x0000740c8a78fa6a:   18 3b 42 08 0f 83 94 01 00 00 48 8b 7d c0 48 8b
0x0000740c8a78fa7a:   4f 10 4c 89 34 c1 44 3b 7d c8 0f 82 30 ff ff ff
0x0000740c8a78fa8a:   4d 85 ed 0f 84 c4 00 00 00 41 8b 45 28 3b 43 20
0x0000740c8a78fa9a:   0f 83 86 00 00 00 48 8b 53 28 48 83 3c c2 00 74
0x0000740c8a78faaa:   7b 48 8b 7d a8 48 8b 07 48 3b 47 10 0f 82 c4 02
0x0000740c8a78faba:   00 00 4c 8b 28 44 8b 78 08 48 83 e8 10 48 89 07
0x0000740c8a78faca:   41 8b 45 18 89 45 c8 45 85 ff 0f 85 d6 fe ff ff 


Stack slot to memory mapping:

stack at sp + 0 slots: 0x0000000000005be0 is an unknown value
stack at sp + 1 slots: 0x0000740c128f9580 is pointing into the stack for thread: 0x0000740bec5b9760
stack at sp + 2 slots: 0x0000740c0000102e points into unknown readable memory: 00 00
stack at sp + 3 slots: 0x0000740c00000081 points into unknown readable memory: 00 00 00 00 00 00 00
stack at sp + 4 slots: 0x0000740c128f95a0 is pointing into the stack for thread: 0x0000740bec5b9760
stack at sp + 5 slots: 0x0000740b80000004 is an unknown value
stack at sp + 6 slots: 0x0000740c128f9510 is pointing into the stack for thread: 0x0000740bec5b9760
stack at sp + 7 slots: 0x0 is null


---------------  P R O C E S S  ---------------

Threads class SMR info:
_java_thread_list=0x0000740bc418cb30, length=14, elements={
0x0000740c8402cfe0, 0x0000740c84149ed0, 0x0000740c8414b520, 0x0000740c8414d000,
0x0000740c8414e640, 0x0000740c8414fbe0, 0x0000740c84151720, 0x0000740c84152de0,
0x0000740c8419d0c0, 0x0000740c846b2010, 0x0000740c846b45a0, 0x0000740bfc000ff0,
0x0000740c84dd5dc0, 0x0000740bec5b9760
}

Java Threads: ( => current thread )
  0x0000740c8402cfe0 JavaThread "main"                              [_thread_in_vm, id=4803, stack(0x0000740c89b00000,0x0000740c89c00000) (1024K)]
  0x0000740c84149ed0 JavaThread "Reference Handler"          daemon [_thread_blocked, id=4815, stack(0x0000740c880f0000,0x0000740c881f0000) (1024K)]
  0x0000740c8414b520 JavaThread "Finalizer"                  daemon [_thread_blocked, id=4817, stack(0x0000740c83f00000,0x0000740c84000000) (1024K)]
  0x0000740c8414d000 JavaThread "Signal Dispatcher"          daemon [_thread_blocked, id=4818, stack(0x0000740c68a58000,0x0000740c68b58000) (1024K)]
  0x0000740c8414e640 JavaThread "Service Thread"             daemon [_thread_blocked, id=4819, stack(0x0000740c68300000,0x0000740c68400000) (1024K)]
  0x0000740c8414fbe0 JavaThread "Monitor Deflation Thread"   daemon [_thread_blocked, id=4820, stack(0x0000740c68200000,0x0000740c68300000) (1024K)]
  0x0000740c84151720 JavaThread "C2 CompilerThread0"         daemon [_thread_in_native, id=4821, stack(0x0000740c68100000,0x0000740c68200000) (1024K)]
  0x0000740c84152de0 JavaThread "C1 CompilerThread0"         daemon [_thread_blocked, id=4822, stack(0x0000740c68000000,0x0000740c68100000) (1024K)]
  0x0000740c8419d0c0 JavaThread "Common-Cleaner"             daemon [_thread_blocked, id=4823, stack(0x0000740c12f00000,0x0000740c13000000) (1024K)]
  0x0000740c846b2010 JavaThread "Monitor Ctrl-Break"         daemon [_thread_in_native, id=4825, stack(0x0000740c12e00000,0x0000740c12f00000) (1024K)]
  0x0000740c846b45a0 JavaThread "Notification Thread"        daemon [_thread_blocked, id=4826, stack(0x0000740c12d00000,0x0000740c12e00000) (1024K)]
  0x0000740bfc000ff0 JavaThread "Attach Listener"            daemon [_thread_blocked, id=4834, stack(0x0000740c128fe000,0x0000740c129fe000) (1024K)]
  0x0000740c84dd5dc0 JavaThread "Keep-Alive-Timer"           daemon [_thread_blocked, id=4844, stack(0x0000740c12c00000,0x0000740c12d00000) (1024K)]
=>0x0000740bec5b9760 JavaThread "C2 CompilerThread1"         daemon [_thread_in_native, id=4845, stack(0x0000740c127fe000,0x0000740c128fe000) (1024K)]
Total: 14

Other Threads:
  0x0000740c8413c670 VMThread "VM Thread"                           [id=4813, stack(0x0000740c881f1000,0x0000740c882f1000) (1024K)]
  0x0000740c841224b0 WatcherThread "VM Periodic Task Thread"        [id=4812, stack(0x0000740c882f2000,0x0000740c883f2000) (1024K)]
  0x0000740c84083ab0 WorkerThread "GC Thread#0"                     [id=4805, stack(0x0000740c88c7c000,0x0000740c88d7c000) (1024K)]
  0x0000740c00006f30 WorkerThread "GC Thread#1"                     [id=4828, stack(0x0000740c12b00000,0x0000740c12c00000) (1024K)]
  0x0000740c00007a40 WorkerThread "GC Thread#2"                     [id=4829, stack(0x0000740c129ff000,0x0000740c12aff000) (1024K)]
  0x0000740c0000e6e0 WorkerThread "GC Thread#3"                     [id=4842, stack(0x0000740c126fe000,0x0000740c127fe000) (1024K)]
  0x0000740c840945e0 ConcurrentGCThread "G1 Main Marker"            [id=4806, stack(0x0000740c88b7b000,0x0000740c88c7b000) (1024K)]
  0x0000740c84095580 WorkerThread "G1 Conc#0"                       [id=4807, stack(0x0000740c88a7a000,0x0000740c88b7a000) (1024K)]
  0x0000740c8410efe0 ConcurrentGCThread "G1 Refine#0"               [id=4808, stack(0x0000740c88575000,0x0000740c88675000) (1024K)]
  0x0000740c8410ff90 ConcurrentGCThread "G1 Service"                [id=4810, stack(0x0000740c88474000,0x0000740c88574000) (1024K)]
Total: 10

Threads with active compile tasks:
C2 CompilerThread0     4854 3649   !   4       jdk.internal.loader.BuiltinClassLoader::loadClassOrNull (143 bytes)
C1 CompilerThread0     4854 3980       2       org.springframework.beans.factory.support.AbstractBeanDefinition::<init> (7 bytes)
C2 CompilerThread1     4854 3833       4       org.springframework.beans.factory.support.AbstractBeanFactory::isTypeMatch (745 bytes)
Total: 3

VM state: not at safepoint (normal execution)

VM Mutex/Monitor currently owned by a thread:  ([mutex/lock_event])
[0x0000740c8b041ce0] MethodCompileQueue_lock - owner thread: 0x0000740c84152de0

Heap address: 0x0000000085600000, size: 1962 MB, Compressed Oops mode: 32-bit

CDS archive(s) mapped at: [0x0000740c13000000-0x0000740c13ca8000-0x0000740c13ca8000), size 13271040, SharedBaseAddress: 0x0000740c13000000, ArchiveRelocationMode: 1.
Compressed class space mapped at: 0x0000740c14000000-0x0000740c54000000, reserved size: 1073741824
Narrow klass base: 0x0000740c13000000, Narrow klass shift: 0, Narrow klass range: 0x100000000

GC Precious Log:
 CardTable entry size: 512
 Card Set container configuration: InlinePtr #cards 5 size 8 Array Of Cards #cards 12 size 40 Howl #buckets 4 coarsen threshold 1843 Howl Bitmap #cards 512 size 80 coarsen threshold 460 Card regions per heap region 1 cards per card region 2048
 CPUs: 4 total, 4 available
 Memory: 7843M
 Large Page Support: Disabled
 NUMA Support: Disabled
 Compressed Oops: Enabled (32-bit)
 Heap Region Size: 1M
 Heap Min Capacity: 8M
 Heap Initial Capacity: 124M
 Heap Max Capacity: 1962M
 Pre-touch: Disabled
 Parallel Workers: 4
 Concurrent Workers: 1
 Concurrent Refinement Workers: 4
 Periodic GC: Disabled

Heap:
 garbage-first heap   total 55296K, used 35027K [0x0000000085600000, 0x0000000100000000)
  region size 1024K, 22 young (22528K), 4 survivors (4096K)
 Metaspace       used 31201K, committed 31488K, reserved 1114112K
  class space    used 3849K, committed 3968K, reserved 1048576K

Heap Regions: E=young(eden), S=young(survivor), O=old, HS=humongous(starts), HC=humongous(continues), CS=collection set, F=free, TAMS=top-at-mark-start, PB=parsable bottom
|   0|0x0000000085600000, 0x0000000085700000, 0x0000000085700000|100%|HS|  |TAMS 0x0000000085600000| PB 0x0000000085600000| Complete 
|   1|0x0000000085700000, 0x0000000085800000, 0x0000000085800000|100%| O|  |TAMS 0x0000000085700000| PB 0x0000000085700000| Untracked 
|   2|0x0000000085800000, 0x0000000085900000, 0x0000000085900000|100%| O|  |TAMS 0x0000000085800000| PB 0x0000000085800000| Untracked 
|   3|0x0000000085900000, 0x0000000085a00000, 0x0000000085a00000|100%| O|  |TAMS 0x0000000085900000| PB 0x0000000085900000| Untracked 
|   4|0x0000000085a00000, 0x0000000085b00000, 0x0000000085b00000|100%| O|  |TAMS 0x0000000085a00000| PB 0x0000000085a00000| Untracked 
|   5|0x0000000085b00000, 0x0000000085c00000, 0x0000000085c00000|100%| O|  |TAMS 0x0000000085b00000| PB 0x0000000085b00000| Untracked 
|   6|0x0000000085c00000, 0x0000000085d00000, 0x0000000085d00000|100%| O|  |TAMS 0x0000000085c00000| PB 0x0000000085c00000| Untracked 
|   7|0x0000000085d00000, 0x0000000085d7db30, 0x0000000085e00000| 49%| O|  |TAMS 0x0000000085d00000| PB 0x0000000085d00000| Untracked 
|   8|0x0000000085e00000, 0x0000000085f00000, 0x0000000085f00000|100%| O|  |TAMS 0x0000000085e00000| PB 0x0000000085e00000| Untracked 
|   9|0x0000000085f00000, 0x0000000086000000, 0x0000000086000000|100%| O|  |TAMS 0x0000000085f00000| PB 0x0000000085f00000| Untracked 
|  10|0x0000000086000000, 0x0000000086100000, 0x0000000086100000|100%| O|  |TAMS 0x0000000086000000| PB 0x0000000086000000| Untracked 
|  11|0x0000000086100000, 0x0000000086200000, 0x0000000086200000|100%| O|  |TAMS 0x0000000086100000| PB 0x0000000086100000| Untracked 
|  12|0x0000000086200000, 0x00000000862ea380, 0x0000000086300000| 91%| O|  |TAMS 0x0000000086200000| PB 0x0000000086200000| Untracked 
|  13|0x0000000086300000, 0x0000000086300000, 0x0000000086400000|  0%| F|  |TAMS 0x0000000086300000| PB 0x0000000086300000| Untracked 
|  14|0x0000000086400000, 0x0000000086400000, 0x0000000086500000|  0%| F|  |TAMS 0x0000000086400000| PB 0x0000000086400000| Untracked 
|  15|0x0000000086500000, 0x0000000086500000, 0x0000000086600000|  0%| F|  |TAMS 0x0000000086500000| PB 0x0000000086500000| Untracked 
|  16|0x0000000086600000, 0x0000000086600000, 0x0000000086700000|  0%| F|  |TAMS 0x0000000086600000| PB 0x0000000086600000| Untracked 
|  17|0x0000000086700000, 0x0000000086700000, 0x0000000086800000|  0%| F|  |TAMS 0x0000000086700000| PB 0x0000000086700000| Untracked 
|  18|0x0000000086800000, 0x0000000086800000, 0x0000000086900000|  0%| F|  |TAMS 0x0000000086800000| PB 0x0000000086800000| Untracked 
|  19|0x0000000086900000, 0x0000000086900000, 0x0000000086a00000|  0%| F|  |TAMS 0x0000000086900000| PB 0x0000000086900000| Untracked 
|  20|0x0000000086a00000, 0x0000000086a00000, 0x0000000086b00000|  0%| F|  |TAMS 0x0000000086a00000| PB 0x0000000086a00000| Untracked 
|  21|0x0000000086b00000, 0x0000000086b00000, 0x0000000086c00000|  0%| F|  |TAMS 0x0000000086b00000| PB 0x0000000086b00000| Untracked 
|  22|0x0000000086c00000, 0x0000000086c00000, 0x0000000086d00000|  0%| F|  |TAMS 0x0000000086c00000| PB 0x0000000086c00000| Untracked 
|  23|0x0000000086d00000, 0x0000000086d00000, 0x0000000086e00000|  0%| F|  |TAMS 0x0000000086d00000| PB 0x0000000086d00000| Untracked 
|  24|0x0000000086e00000, 0x0000000086eccd50, 0x0000000086f00000| 80%| S|CS|TAMS 0x0000000086e00000| PB 0x0000000086e00000| Complete 
|  25|0x0000000086f00000, 0x0000000087000000, 0x0000000087000000|100%| S|CS|TAMS 0x0000000086f00000| PB 0x0000000086f00000| Complete 
|  26|0x0000000087000000, 0x0000000087100000, 0x0000000087100000|100%| S|CS|TAMS 0x0000000087000000| PB 0x0000000087000000| Complete 
|  27|0x0000000087100000, 0x0000000087200000, 0x0000000087200000|100%| S|CS|TAMS 0x0000000087100000| PB 0x0000000087100000| Complete 
|  28|0x0000000087200000, 0x0000000087200000, 0x0000000087300000|  0%| F|  |TAMS 0x0000000087200000| PB 0x0000000087200000| Untracked 
|  29|0x0000000087300000, 0x0000000087300000, 0x0000000087400000|  0%| F|  |TAMS 0x0000000087300000| PB 0x0000000087300000| Untracked 
|  30|0x0000000087400000, 0x0000000087400000, 0x0000000087500000|  0%| F|  |TAMS 0x0000000087400000| PB 0x0000000087400000| Untracked 
|  31|0x0000000087500000, 0x0000000087500000, 0x0000000087600000|  0%| F|  |TAMS 0x0000000087500000| PB 0x0000000087500000| Untracked 
|  32|0x0000000087600000, 0x0000000087600000, 0x0000000087700000|  0%| F|  |TAMS 0x0000000087600000| PB 0x0000000087600000| Untracked 
|  33|0x0000000087700000, 0x0000000087700000, 0x0000000087800000|  0%| F|  |TAMS 0x0000000087700000| PB 0x0000000087700000| Untracked 
|  34|0x0000000087800000, 0x0000000087800000, 0x0000000087900000|  0%| F|  |TAMS 0x0000000087800000| PB 0x0000000087800000| Untracked 
|  35|0x0000000087900000, 0x00000000879da720, 0x0000000087a00000| 85%| E|  |TAMS 0x0000000087900000| PB 0x0000000087900000| Complete 
|  36|0x0000000087a00000, 0x0000000087b00000, 0x0000000087b00000|100%| E|CS|TAMS 0x0000000087a00000| PB 0x0000000087a00000| Complete 
|  37|0x0000000087b00000, 0x0000000087c00000, 0x0000000087c00000|100%| E|CS|TAMS 0x0000000087b00000| PB 0x0000000087b00000| Complete 
|  38|0x0000000087c00000, 0x0000000087d00000, 0x0000000087d00000|100%| E|CS|TAMS 0x0000000087c00000| PB 0x0000000087c00000| Complete 
|  39|0x0000000087d00000, 0x0000000087e00000, 0x0000000087e00000|100%| E|CS|TAMS 0x0000000087d00000| PB 0x0000000087d00000| Complete 
|  40|0x0000000087e00000, 0x0000000087f00000, 0x0000000087f00000|100%| E|CS|TAMS 0x0000000087e00000| PB 0x0000000087e00000| Complete 
|  41|0x0000000087f00000, 0x0000000088000000, 0x0000000088000000|100%| E|CS|TAMS 0x0000000087f00000| PB 0x0000000087f00000| Complete 
|  42|0x0000000088000000, 0x0000000088100000, 0x0000000088100000|100%| E|CS|TAMS 0x0000000088000000| PB 0x0000000088000000| Complete 
|  43|0x0000000088100000, 0x0000000088200000, 0x0000000088200000|100%| E|CS|TAMS 0x0000000088100000| PB 0x0000000088100000| Complete 
|  44|0x0000000088200000, 0x0000000088300000, 0x0000000088300000|100%| E|CS|TAMS 0x0000000088200000| PB 0x0000000088200000| Complete 
|  45|0x0000000088300000, 0x0000000088400000, 0x0000000088400000|100%| E|CS|TAMS 0x0000000088300000| PB 0x0000000088300000| Complete 
| 106|0x000000008c000000, 0x000000008c100000, 0x000000008c100000|100%| E|CS|TAMS 0x000000008c000000| PB 0x000000008c000000| Complete 
| 107|0x000000008c100000, 0x000000008c200000, 0x000000008c200000|100%| E|CS|TAMS 0x000000008c100000| PB 0x000000008c100000| Complete 
| 108|0x000000008c200000, 0x000000008c300000, 0x000000008c300000|100%| E|CS|TAMS 0x000000008c200000| PB 0x000000008c200000| Complete 
| 109|0x000000008c300000, 0x000000008c400000, 0x000000008c400000|100%| E|CS|TAMS 0x000000008c300000| PB 0x000000008c300000| Complete 
| 110|0x000000008c400000, 0x000000008c500000, 0x000000008c500000|100%| E|CS|TAMS 0x000000008c400000| PB 0x000000008c400000| Complete 
| 123|0x000000008d100000, 0x000000008d200000, 0x000000008d200000|100%| E|CS|TAMS 0x000000008d100000| PB 0x000000008d100000| Complete 
|1960|0x00000000ffe00000, 0x00000000fff00000, 0x00000000fff00000|100%| O|  |TAMS 0x00000000ffe00000| PB 0x00000000ffe00000| Untracked 
|1961|0x00000000fff00000, 0x0000000100000000, 0x0000000100000000|100%| E|CS|TAMS 0x00000000fff00000| PB 0x00000000fff00000| Complete 

Card table byte_map: [0x0000740c88d7c000,0x0000740c89151000] _byte_map_base: 0x0000740c88951000

Marking Bits: (CMBitMap*) 0x0000740c840845d0
 Bits: [0x0000740c6ab58000, 0x0000740c6ca00000)

Polling page: 0x0000740c8b542000

Metaspace:

Usage:
  Non-class:     26.72 MB used.
      Class:      3.76 MB used.
       Both:     30.48 MB used.

Virtual space:
  Non-class space:       64.00 MB reserved,      26.88 MB ( 42%) committed,  1 nodes.
      Class space:        1.00 GB reserved,       3.88 MB ( <1%) committed,  1 nodes.
             Both:        1.06 GB reserved,      30.75 MB (  3%) committed. 

Chunk freelists:
   Non-Class:  4.97 MB
       Class:  11.94 MB
        Both:  16.91 MB

MaxMetaspaceSize: unlimited
CompressedClassSpaceSize: 1.00 GB
Initial GC threshold: 21.00 MB
Current GC threshold: 35.12 MB
CDS: on
 - commit_granule_bytes: 65536.
 - commit_granule_words: 8192.
 - virtual_space_node_default_size: 8388608.
 - enlarge_chunks_in_place: 1.
 - use_allocation_guard: 0.


Internal statistics:

num_allocs_failed_limit: 3.
num_arena_births: 340.
num_arena_deaths: 0.
num_vsnodes_births: 2.
num_vsnodes_deaths: 0.
num_space_committed: 492.
num_space_uncommitted: 0.
num_chunks_returned_to_freelist: 3.
num_chunks_taken_from_freelist: 1270.
num_chunk_merges: 0.
num_chunk_splits: 855.
num_chunks_enlarged: 639.
num_inconsistent_stats: 0.

CodeHeap 'non-profiled nmethods': size=120032Kb used=1729Kb max_used=1729Kb free=118302Kb
 bounds [0x0000740c744c8000, 0x0000740c74738000, 0x0000740c7ba00000]
CodeHeap 'profiled nmethods': size=120028Kb used=8065Kb max_used=8065Kb free=111962Kb
 bounds [0x0000740c6ca00000, 0x0000740c6d1f0000, 0x0000740c73f37000]
CodeHeap 'non-nmethods': size=5700Kb used=1507Kb max_used=1588Kb free=4192Kb
 bounds [0x0000740c73f37000, 0x0000740c741a7000, 0x0000740c744c8000]
 total_blobs=4551 nmethods=3958 adapters=498
 compilation: enabled
              stopped_count=0, restarted_count=0
 full_count=0

Compilation events (20 events):
Event: 4.729 Thread 0x0000740c84152de0 3899       3       java.lang.PublicMethods::merge (81 bytes)
Event: 4.730 Thread 0x0000740c84152de0 nmethod 3899 0x0000740c6d1b4310 code [0x0000740c6d1b4560, 0x0000740c6d1b4f20]
Event: 4.730 Thread 0x0000740c84152de0 3900       3       java.lang.PublicMethods$Key::<init> (24 bytes)
Event: 4.730 Thread 0x0000740c84152de0 nmethod 3900 0x0000740c6d1b5310 code [0x0000740c6d1b54c0, 0x0000740c6d1b57e8]
Event: 4.730 Thread 0x0000740c84152de0 3902       3       java.lang.Class::getMethodsRecursive (99 bytes)
Event: 4.731 Thread 0x0000740c84152de0 nmethod 3902 0x0000740c6d1b5910 code [0x0000740c6d1b5b40, 0x0000740c6d1b60f0]
Event: 4.731 Thread 0x0000740c84152de0 3901       3       java.lang.reflect.ProxyGenerator$ProxyMethod::codeClassForName (35 bytes)
Event: 4.731 Thread 0x0000740c84152de0 nmethod 3901 0x0000740c6d1b6410 code [0x0000740c6d1b6620, 0x0000740c6d1b6b70]
Event: 4.733 Thread 0x0000740c84152de0 3903       3       java.util.stream.ReferencePipeline::toList (13 bytes)
Event: 4.734 Thread 0x0000740c84152de0 nmethod 3903 0x0000740c6d1b6d10 code [0x0000740c6d1b6f40, 0x0000740c6d1b74b8]
Event: 4.734 Thread 0x0000740c84152de0 3904   !   3       jdk.internal.access.SharedSecrets::getJavaUtilCollectionAccess (26 bytes)
Event: 4.734 Thread 0x0000740c84152de0 nmethod 3904 0x0000740c6d1b7710 code [0x0000740c6d1b78c0, 0x0000740c6d1b7a88]
Event: 4.734 Thread 0x0000740c84152de0 3905       3       java.util.LinkedHashMap::entrySet (5 bytes)
Event: 4.734 Thread 0x0000740c84152de0 nmethod 3905 0x0000740c6d1b7b90 code [0x0000740c6d1b7d40, 0x0000740c6d1b7ef8]
Event: 4.744 Thread 0x0000740c84152de0 3907       3       java.util.LinkedHashMap$LinkedEntrySet::<init> (15 bytes)
Event: 4.744 Thread 0x0000740c84152de0 nmethod 3907 0x0000740c6d1b7f90 code [0x0000740c6d1b8140, 0x0000740c6d1b83c0]
Event: 4.744 Thread 0x0000740c84152de0 3908       3       org.springframework.context.annotation.AnnotationConfigUtils::processCommonDefinitionAnnotations (164 bytes)
Event: 4.746 Thread 0x0000740c84152de0 nmethod 3908 0x0000740c6d1b8510 code [0x0000740c6d1b89e0, 0x0000740c6d1baaa8]
Event: 4.749 Thread 0x0000740c84152de0 3910       2       org.springframework.core.MethodParameter::<init> (30 bytes)
Event: 4.750 Thread 0x0000740c84152de0 nmethod 3910 0x0000740c6d1bb410 code [0x0000740c6d1bb600, 0x0000740c6d1bba40]

GC Heap History (12 events):
Event: 0.660 GC heap before
{Heap before GC invocations=0 (full 0):
 garbage-first heap   total 129024K, used 15391K [0x0000000085600000, 0x0000000100000000)
  region size 1024K, 13 young (13312K), 0 survivors (0K)
 Metaspace       used 3193K, committed 3392K, reserved 1114112K
  class space    used 314K, committed 384K, reserved 1048576K
}
Event: 0.666 GC heap after
{Heap after GC invocations=1 (full 0):
 garbage-first heap   total 129024K, used 7697K [0x0000000085600000, 0x0000000100000000)
  region size 1024K, 2 young (2048K), 2 survivors (2048K)
 Metaspace       used 3193K, committed 3392K, reserved 1114112K
  class space    used 314K, committed 384K, reserved 1048576K
}
Event: 1.080 GC heap before
{Heap before GC invocations=1 (full 0):
 garbage-first heap   total 129024K, used 17937K [0x0000000085600000, 0x0000000100000000)
  region size 1024K, 12 young (12288K), 2 survivors (2048K)
 Metaspace       used 6352K, committed 6592K, reserved 1114112K
  class space    used 729K, committed 832K, reserved 1048576K
}
Event: 1.086 GC heap after
{Heap after GC invocations=2 (full 0):
 garbage-first heap   total 129024K, used 8712K [0x0000000085600000, 0x0000000100000000)
  region size 1024K, 1 young (1024K), 1 survivors (1024K)
 Metaspace       used 6352K, committed 6592K, reserved 1114112K
  class space    used 729K, committed 832K, reserved 1048576K
}
Event: 2.060 GC heap before
{Heap before GC invocations=2 (full 0):
 garbage-first heap   total 129024K, used 39432K [0x0000000085600000, 0x0000000100000000)
  region size 1024K, 32 young (32768K), 1 survivors (1024K)
 Metaspace       used 15972K, committed 16256K, reserved 1114112K
  class space    used 1840K, committed 1984K, reserved 1048576K
}
Event: 2.066 GC heap after
{Heap after GC invocations=3 (full 0):
 garbage-first heap   total 129024K, used 12821K [0x0000000085600000, 0x0000000100000000)
  region size 1024K, 4 young (4096K), 4 survivors (4096K)
 Metaspace       used 15972K, committed 16256K, reserved 1114112K
  class space    used 1840K, committed 1984K, reserved 1048576K
}
Event: 3.530 GC heap before
{Heap before GC invocations=3 (full 0):
 garbage-first heap   total 129024K, used 25109K [0x0000000085600000, 0x0000000100000000)
  region size 1024K, 17 young (17408K), 4 survivors (4096K)
 Metaspace       used 21161K, committed 21504K, reserved 1114112K
  class space    used 2440K, committed 2624K, reserved 1048576K
}
Event: 3.534 GC heap after
{Heap after GC invocations=4 (full 0):
 garbage-first heap   total 129024K, used 13753K [0x0000000085600000, 0x0000000100000000)
  region size 1024K, 5 young (5120K), 5 survivors (5120K)
 Metaspace       used 21161K, committed 21504K, reserved 1114112K
  class space    used 2440K, committed 2624K, reserved 1048576K
}
Event: 4.009 GC heap before
{Heap before GC invocations=5 (full 0):
 garbage-first heap   total 55296K, used 41401K [0x0000000085600000, 0x0000000100000000)
  region size 1024K, 32 young (32768K), 5 survivors (5120K)
 Metaspace       used 27095K, committed 27456K, reserved 1114112K
  class space    used 3348K, committed 3520K, reserved 1048576K
}
Event: 4.019 GC heap after
{Heap after GC invocations=6 (full 0):
 garbage-first heap   total 55296K, used 15893K [0x0000000085600000, 0x0000000100000000)
  region size 1024K, 4 young (4096K), 4 survivors (4096K)
 Metaspace       used 27095K, committed 27456K, reserved 1114112K
  class space    used 3348K, committed 3520K, reserved 1048576K
}
Event: 4.456 GC heap before
{Heap before GC invocations=6 (full 0):
 garbage-first heap   total 55296K, used 40469K [0x0000000085600000, 0x0000000100000000)
  region size 1024K, 28 young (28672K), 4 survivors (4096K)
 Metaspace       used 29028K, committed 29440K, reserved 1114112K
  class space    used 3541K, committed 3712K, reserved 1048576K
}
Event: 4.462 GC heap after
{Heap after GC invocations=7 (full 0):
 garbage-first heap   total 55296K, used 17619K [0x0000000085600000, 0x0000000100000000)
  region size 1024K, 4 young (4096K), 4 survivors (4096K)
 Metaspace       used 29028K, committed 29440K, reserved 1114112K
  class space    used 3541K, committed 3712K, reserved 1048576K
}

Dll operation events (9 events):
Event: 0.003 Loaded shared library /home/varshil/jdk-21.0.2/lib/libjava.so
Event: 0.064 Loaded shared library /home/varshil/jdk-21.0.2/lib/libjsvml.so
Event: 0.163 Loaded shared library /home/varshil/jdk-21.0.2/lib/libzip.so
Event: 0.168 Loaded shared library /home/varshil/jdk-21.0.2/lib/libinstrument.so
Event: 0.172 Loaded shared library /home/varshil/jdk-21.0.2/lib/libnio.so
Event: 0.180 Loaded shared library /home/varshil/jdk-21.0.2/lib/libzip.so
Event: 0.418 Loaded shared library /home/varshil/jdk-21.0.2/lib/libnet.so
Event: 0.432 Loaded shared library /home/varshil/jdk-21.0.2/lib/libextnet.so
Event: 0.482 Loaded shared library /home/varshil/jdk-21.0.2/lib/libjimage.so

Deoptimization events (20 events):
Event: 4.427 Thread 0x0000740c8402cfe0 Uncommon trap: trap_request=0xffffffde fr.pc=0x0000740c744e76dc relative=0x00000000000001bc
Event: 4.427 Thread 0x0000740c8402cfe0 Uncommon trap: reason=class_check action=maybe_recompile pc=0x0000740c744e76dc method=java.lang.String.equals(Ljava/lang/Object;)Z @ 8 c2
Event: 4.427 Thread 0x0000740c8402cfe0 DEOPT PACKING pc=0x0000740c744e76dc sp=0x0000740c89bfdaa0
Event: 4.427 Thread 0x0000740c8402cfe0 DEOPT UNPACKING pc=0x0000740c73f8af99 sp=0x0000740c89bfda48 mode 2
Event: 4.427 Thread 0x0000740c8402cfe0 Uncommon trap: trap_request=0xffffff45 fr.pc=0x0000740c7463a91c relative=0x000000000000041c
Event: 4.427 Thread 0x0000740c8402cfe0 Uncommon trap: reason=unstable_if action=reinterpret pc=0x0000740c7463a91c method=org.springframework.core.annotation.MergedAnnotationsCollection.isMappingForType(Lorg/springframework/core/annotation/AnnotationTypeMapping;Ljava/lang/Object;)Z @ 13 c2
Event: 4.427 Thread 0x0000740c8402cfe0 DEOPT PACKING pc=0x0000740c7463a91c sp=0x0000740c89bfdb60
Event: 4.427 Thread 0x0000740c8402cfe0 DEOPT UNPACKING pc=0x0000740c73f8af99 sp=0x0000740c89bfdaa0 mode 2
Event: 4.427 Thread 0x0000740c8402cfe0 Uncommon trap: trap_request=0xffffffde fr.pc=0x0000740c744e76dc relative=0x00000000000001bc
Event: 4.427 Thread 0x0000740c8402cfe0 Uncommon trap: reason=class_check action=maybe_recompile pc=0x0000740c744e76dc method=java.lang.String.equals(Ljava/lang/Object;)Z @ 8 c2
Event: 4.427 Thread 0x0000740c8402cfe0 DEOPT PACKING pc=0x0000740c744e76dc sp=0x0000740c89bfdaa0
Event: 4.427 Thread 0x0000740c8402cfe0 DEOPT UNPACKING pc=0x0000740c73f8af99 sp=0x0000740c89bfda48 mode 2
Event: 4.508 Thread 0x0000740c8402cfe0 Uncommon trap: trap_request=0xffffff76 fr.pc=0x0000740c7465c23c relative=0x000000000000045c
Event: 4.508 Thread 0x0000740c8402cfe0 Uncommon trap: reason=predicate action=maybe_recompile pc=0x0000740c7465c23c method=java.util.AbstractCollection.toArray([Ljava/lang/Object;)[Ljava/lang/Object; @ 43 c2
Event: 4.508 Thread 0x0000740c8402cfe0 DEOPT PACKING pc=0x0000740c7465c23c sp=0x0000740c89bfdeb0
Event: 4.508 Thread 0x0000740c8402cfe0 DEOPT UNPACKING pc=0x0000740c73f8af99 sp=0x0000740c89bfde58 mode 2
Event: 4.641 Thread 0x0000740c8402cfe0 Uncommon trap: trap_request=0xffffff45 fr.pc=0x0000740c74639950 relative=0x0000000000000550
Event: 4.641 Thread 0x0000740c8402cfe0 Uncommon trap: reason=unstable_if action=reinterpret pc=0x0000740c74639950 method=org.springframework.util.ConcurrentReferenceHashMap$Segment.findInChain(Lorg/springframework/util/ConcurrentReferenceHashMap$Reference;Ljava/lang/Object;I)Lorg/springframewo
Event: 4.641 Thread 0x0000740c8402cfe0 DEOPT PACKING pc=0x0000740c74639950 sp=0x0000740c89bfd6b0
Event: 4.641 Thread 0x0000740c8402cfe0 DEOPT UNPACKING pc=0x0000740c73f8af99 sp=0x0000740c89bfd4d8 mode 2

Classes loaded (20 events):
Event: 3.884 Loading class java/lang/reflect/AnnotatedArrayType
Event: 3.884 Loading class java/lang/reflect/AnnotatedArrayType done
Event: 3.902 Loading class jdk/internal/vm/annotation/IntrinsicCandidate
Event: 3.902 Loading class jdk/internal/vm/annotation/IntrinsicCandidate done
Event: 3.907 Loading class sun/reflect/annotation/AnnotatedTypeFactory$AnnotatedParameterizedTypeImpl
Event: 3.907 Loading class sun/reflect/annotation/AnnotatedTypeFactory$AnnotatedParameterizedTypeImpl done
Event: 3.908 Loading class sun/reflect/annotation/AnnotatedTypeFactory$AnnotatedWildcardTypeImpl
Event: 3.908 Loading class java/lang/reflect/AnnotatedWildcardType
Event: 3.913 Loading class java/lang/reflect/AnnotatedWildcardType done
Event: 3.913 Loading class sun/reflect/annotation/AnnotatedTypeFactory$AnnotatedWildcardTypeImpl done
Event: 3.913 Loading class sun/reflect/misc/ReflectUtil
Event: 3.913 Loading class sun/reflect/misc/ReflectUtil done
Event: 4.026 Loading class javax/naming/ldap/LdapContext
Event: 4.026 Loading class javax/naming/directory/DirContext
Event: 4.026 Loading class javax/naming/Context
Event: 4.026 Loading class javax/naming/Context done
Event: 4.026 Loading class javax/naming/directory/DirContext done
Event: 4.026 Loading class javax/naming/ldap/LdapContext done
Event: 4.551 Loading class java/security/KeyStoreException
Event: 4.551 Loading class java/security/KeyStoreException done

Classes unloaded (0 events):
No events

Classes redefined (0 events):
No events

Internal exceptions (20 events):
Event: 1.886 Thread 0x0000740c8402cfe0 Exception <a 'java/lang/NoSuchMethodError'{0x000000008b7561b8}: 'long java.lang.invoke.DirectMethodHandle$Holder.invokeInterface(java.lang.Object, java.lang.Object)'> (0x000000008b7561b8) 
thrown [open/src/hotspot/share/interpreter/linkResolver.cpp, line 772]
Event: 1.886 Thread 0x0000740c8402cfe0 Exception <a 'java/lang/IncompatibleClassChangeError'{0x000000008b759468}: Found class java.lang.Object, but interface was expected> (0x000000008b759468) 
thrown [open/src/hotspot/share/interpreter/linkResolver.cpp, line 840]
Event: 1.897 Thread 0x0000740c8402cfe0 Exception <a 'java/lang/NoSuchMethodError'{0x000000008b7bd5f8}: 'java.lang.Object java.lang.invoke.DirectMethodHandle$Holder.invokeVirtual(java.lang.Object, java.lang.Object, java.lang.Object, java.lang.Object)'> (0x000000008b7bd5f8) 
thrown [open/src/hotspot/share/interpreter/linkResolver.cpp, line 772]
Event: 2.025 Thread 0x0000740c8402cfe0 Exception <a 'java/lang/NoSuchMethodError'{0x000000008b4fb878}: 'void java.lang.invoke.DirectMethodHandle$Holder.invokeVirtual(java.lang.Object, java.lang.Object)'> (0x000000008b4fb878) 
thrown [open/src/hotspot/share/interpreter/linkResolver.cpp, line 772]
Event: 2.135 Thread 0x0000740c8402cfe0 Exception <a 'java/lang/NoSuchMethodError'{0x000000008ce89fc0}: 'int java.lang.invoke.DirectMethodHandle$Holder.invokeVirtual(java.lang.Object, java.lang.Object, java.lang.Object)'> (0x000000008ce89fc0) 
thrown [open/src/hotspot/share/interpreter/linkResolver.cpp, line 772]
Event: 3.452 Thread 0x0000740c8402cfe0 Exception <a 'java/lang/NoSuchMethodError'{0x000000008c83aab0}: 'void java.lang.invoke.DirectMethodHandle$Holder.invokeVirtual(java.lang.Object, java.lang.Object, java.lang.Object, java.lang.Object)'> (0x000000008c83aab0) 
thrown [open/src/hotspot/share/interpreter/linkResolver.cpp, line 772]
Event: 3.519 Thread 0x0000740c8402cfe0 Exception <a 'java/lang/NoSuchMethodError'{0x000000008c6ed268}: 'void java.lang.invoke.DirectMethodHandle$Holder.invokeStaticInit(java.lang.Object, java.lang.Object, java.lang.Object)'> (0x000000008c6ed268) 
thrown [open/src/hotspot/share/interpreter/linkResolver.cpp, line 772]
Event: 3.524 Thread 0x0000740c8402cfe0 Exception <a 'java/lang/NoSuchMethodError'{0x000000008c531b28}: 'java.lang.Object java.lang.invoke.DirectMethodHandle$Holder.invokeStatic(java.lang.Object, long, java.lang.Object)'> (0x000000008c531b28) 
thrown [open/src/hotspot/share/interpreter/linkResolver.cpp, line 772]
Event: 3.524 Thread 0x0000740c8402cfe0 Exception <a 'java/lang/NoSuchMethodError'{0x000000008c535180}: 'java.lang.Object java.lang.invoke.DirectMethodHandle$Holder.invokeStaticInit(java.lang.Object, long, java.lang.Object)'> (0x000000008c535180) 
thrown [open/src/hotspot/share/interpreter/linkResolver.cpp, line 772]
Event: 3.524 Thread 0x0000740c8402cfe0 Exception <a 'java/lang/NoSuchMethodError'{0x000000008c53a510}: 'java.lang.Object java.lang.invoke.DirectMethodHandle$Holder.newInvokeSpecial(java.lang.Object, long)'> (0x000000008c53a510) 
thrown [open/src/hotspot/share/interpreter/linkResolver.cpp, line 772]
Event: 3.575 Thread 0x0000740c8402cfe0 Exception <a 'java/lang/NoSuchMethodError'{0x00000000883b6f98}: 'void java.lang.invoke.DirectMethodHandle$Holder.invokeSpecial(java.lang.Object, java.lang.Object, java.lang.Object)'> (0x00000000883b6f98) 
thrown [open/src/hotspot/share/interpreter/linkResolver.cpp, line 772]
Event: 3.581 Thread 0x0000740c8402cfe0 Exception <a 'java/lang/IncompatibleClassChangeError'{0x00000000883e2d58}: Found class java.lang.Object, but interface was expected> (0x00000000883e2d58) 
thrown [open/src/hotspot/share/interpreter/linkResolver.cpp, line 840]
Event: 3.585 Thread 0x0000740c8402cfe0 Exception <a 'java/lang/NoSuchMethodError'{0x00000000883f7278}: 'java.lang.Object java.lang.invoke.DirectMethodHandle$Holder.invokeStaticInit(java.lang.Object, int)'> (0x00000000883f7278) 
thrown [open/src/hotspot/share/interpreter/linkResolver.cpp, line 772]
Event: 3.587 Thread 0x0000740c8402cfe0 Exception <a 'java/lang/NoSuchMethodError'{0x00000000882cd168}: 'java.lang.Object java.lang.invoke.DirectMethodHandle$Holder.invokeStatic(java.lang.Object, int, java.lang.Object)'> (0x00000000882cd168) 
thrown [open/src/hotspot/share/interpreter/linkResolver.cpp, line 772]
Event: 3.588 Thread 0x0000740c8402cfe0 Exception <a 'java/lang/NoSuchMethodError'{0x00000000882d07b8}: 'java.lang.Object java.lang.invoke.DirectMethodHandle$Holder.invokeStaticInit(java.lang.Object, int, java.lang.Object)'> (0x00000000882d07b8) 
thrown [open/src/hotspot/share/interpreter/linkResolver.cpp, line 772]
Event: 3.766 Thread 0x0000740c8402cfe0 Implicit null exception at 0x0000740c745d1ec9 to 0x0000740c745d1f87
Event: 3.861 Thread 0x0000740c8402cfe0 Exception <a 'java/lang/NoSuchMethodError'{0x000000008700caf8}: 'int java.lang.invoke.DirectMethodHandle$Holder.invokeSpecial(java.lang.Object, java.lang.Object, java.lang.Object, java.lang.Object, java.lang.Object)'> (0x000000008700caf8) 
thrown [open/src/hotspot/share/interpreter/linkResolver.cpp, line 772]
Event: 3.923 Thread 0x0000740c84e34cc0 Exception <a 'java/lang/NoClassDefFoundError'{0x0000000086d13dd0}: org/apache/tomcat/util/http/Rfc6265CookieProcessor> (0x0000000086d13dd0) 
thrown [open/src/hotspot/share/classfile/systemDictionary.cpp, line 301]
Event: 4.046 Thread 0x0000740c8402cfe0 Exception <a 'java/lang/NoClassDefFoundError'{0x000000008c3632f8}: jakarta/servlet/Filter> (0x000000008c3632f8) 
thrown [open/src/hotspot/share/classfile/systemDictionary.cpp, line 301]
Event: 4.063 Thread 0x0000740c8402cfe0 Exception <a 'java/lang/IncompatibleClassChangeError'{0x000000008c2899e8}: Found class java.lang.Object, but interface was expected> (0x000000008c2899e8) 
thrown [open/src/hotspot/share/interpreter/linkResolver.cpp, line 840]

ZGC Phase Switch (0 events):
No events

VM Operations (20 events):
Event: 3.245 Executing VM operation: Cleanup
Event: 3.245 Executing VM operation: Cleanup done
Event: 3.456 Executing VM operation: HandshakeAllThreads (Deoptimize)
Event: 3.456 Executing VM operation: HandshakeAllThreads (Deoptimize) done
Event: 3.475 Executing VM operation: HandshakeAllThreads (Deoptimize)
Event: 3.475 Executing VM operation: HandshakeAllThreads (Deoptimize) done
Event: 3.529 Executing VM operation: CollectForMetadataAllocation (Metadata GC Threshold)
Event: 3.534 Executing VM operation: CollectForMetadataAllocation (Metadata GC Threshold) done
Event: 3.547 Executing VM operation: G1PauseRemark
Event: 3.549 Executing VM operation: G1PauseRemark done
Event: 3.552 Executing VM operation: G1PauseCleanup
Event: 3.553 Executing VM operation: G1PauseCleanup done
Event: 3.768 Executing VM operation: HandshakeAllThreads (Deoptimize)
Event: 3.768 Executing VM operation: HandshakeAllThreads (Deoptimize) done
Event: 4.009 Executing VM operation: G1CollectForAllocation (G1 Evacuation Pause)
Event: 4.019 Executing VM operation: G1CollectForAllocation (G1 Evacuation Pause) done
Event: 4.310 Executing VM operation: ICBufferFull
Event: 4.310 Executing VM operation: ICBufferFull done
Event: 4.456 Executing VM operation: G1CollectForAllocation (G1 Evacuation Pause)
Event: 4.462 Executing VM operation: G1CollectForAllocation (G1 Evacuation Pause) done

Events (20 events):
Event: 0.552 Protecting memory [0x0000740c12c00000,0x0000740c12c04000] with protection modes 0
Event: 1.201 Thread 0x0000740bfc000ff0 Thread added: 0x0000740bfc000ff0
Event: 1.201 Protecting memory [0x0000740c128fe000,0x0000740c12902000] with protection modes 0
Event: 1.498 Thread 0x0000740c84abf5e0 Thread added: 0x0000740c84abf5e0
Event: 1.500 Protecting memory [0x0000740c127fe000,0x0000740c12802000] with protection modes 0
Event: 1.515 Thread 0x0000740c84abf5e0 Thread exited: 0x0000740c84abf5e0
Event: 2.805 Thread 0x0000740be80b69a0 Thread exited: 0x0000740be80b69a0
Event: 3.160 Thread 0x0000740c84dd9200 Thread added: 0x0000740c84dd9200
Event: 3.160 Protecting memory [0x0000740c12c00000,0x0000740c12c04000] with protection modes 0
Event: 3.161 Thread 0x0000740c84dd9200 Thread exited: 0x0000740c84dd9200
Event: 3.455 Thread 0x0000740c84dd5dc0 Thread added: 0x0000740c84dd5dc0
Event: 3.455 Protecting memory [0x0000740c12c00000,0x0000740c12c04000] with protection modes 0
Event: 3.555 Thread 0x0000740bec5b9760 Thread added: 0x0000740bec5b9760
Event: 3.555 Protecting memory [0x0000740c127fe000,0x0000740c12802000] with protection modes 0
Event: 3.579 Thread 0x0000740c84e34cc0 Thread added: 0x0000740c84e34cc0
Event: 3.579 Protecting memory [0x0000740c125fd000,0x0000740c12601000] with protection modes 0
Event: 3.924 Thread 0x0000740c84e34cc0 Thread exited: 0x0000740c84e34cc0
Event: 4.003 Thread 0x0000740c84fafa40 Thread added: 0x0000740c84fafa40
Event: 4.003 Protecting memory [0x0000740c125fd000,0x0000740c12601000] with protection modes 0
Event: 4.044 Thread 0x0000740c84fafa40 Thread exited: 0x0000740c84fafa40


Dynamic libraries:
85600000-88400000 rw-p 00000000 00:00 0 
88400000-8c000000 ---p 00000000 00:00 0 
8c000000-8c500000 rw-p 00000000 00:00 0 
8c500000-8d100000 ---p 00000000 00:00 0 
8d100000-8d200000 rw-p 00000000 00:00 0 
8d200000-ffe00000 ---p 00000000 00:00 0 
ffe00000-fff08000 rw-p 00ce7000 08:02 13401944                           /home/varshil/jdk-21.0.2/lib/server/classes.jsa
fff08000-100000000 rw-p 00000000 00:00 0 
5d75717fb000-5d75717fc000 r-xp 00000000 08:02 13391900                   /home/varshil/jdk-21.0.2/bin/java
5d75717fd000-5d75717fe000 r--p 00001000 08:02 13391900                   /home/varshil/jdk-21.0.2/bin/java
5d75717fe000-5d75717ff000 rw-p 00002000 08:02 13391900                   /home/varshil/jdk-21.0.2/bin/java
5d7571b94000-5d7571bdd000 rw-p 00000000 00:00 0                          [heap]
740bc0000000-740bc03ea000 rw-p 00000000 00:00 0 
740bc03ea000-740bc4000000 ---p 00000000 00:00 0 
740bc4000000-740bc418f000 rw-p 00000000 00:00 0 
740bc418f000-740bc8000000 ---p 00000000 00:00 0 
740bc8000000-740bc802c000 rw-p 00000000 00:00 0 
740bc802c000-740bcc000000 ---p 00000000 00:00 0 
740bcc000000-740bcc021000 rw-p 00000000 00:00 0 
740bcc021000-740bd0000000 ---p 00000000 00:00 0 
740bd0000000-740bd0021000 rw-p 00000000 00:00 0 
740bd0021000-740bd4000000 ---p 00000000 00:00 0 
740bd4000000-740bd4021000 rw-p 00000000 00:00 0 
740bd4021000-740bd8000000 ---p 00000000 00:00 0 
740bd8000000-740bd8021000 rw-p 00000000 00:00 0 
740bd8021000-740bdc000000 ---p 00000000 00:00 0 
740bdc000000-740bdccbd000 rw-p 00000000 00:00 0 
740bdccbd000-740be0000000 ---p 00000000 00:00 0 
740be0000000-740be0021000 rw-p 00000000 00:00 0 
740be0021000-740be4000000 ---p 00000000 00:00 0 
740be4000000-740be4021000 rw-p 00000000 00:00 0 
740be4021000-740be8000000 ---p 00000000 00:00 0 
740be8000000-740be8bc9000 rw-p 00000000 00:00 0 
740be8bc9000-740bec000000 ---p 00000000 00:00 0 
740bec000000-740becc16000 rw-p 00000000 00:00 0 
740becc16000-740bf0000000 ---p 00000000 00:00 0 
740bf0000000-740bf0021000 rw-p 00000000 00:00 0 
740bf0021000-740bf4000000 ---p 00000000 00:00 0 
740bf4000000-740bf4021000 rw-p 00000000 00:00 0 
740bf4021000-740bf8000000 ---p 00000000 00:00 0 
740bf8000000-740bf8021000 rw-p 00000000 00:00 0 
740bf8021000-740bfc000000 ---p 00000000 00:00 0 
740bfc000000-740bfc021000 rw-p 00000000 00:00 0 
740bfc021000-740c00000000 ---p 00000000 00:00 0 
740c00000000-740c00021000 rw-p 00000000 00:00 0 
740c00021000-740c04000000 ---p 00000000 00:00 0 
740c04000000-740c04021000 rw-p 00000000 00:00 0 
740c04021000-740c08000000 ---p 00000000 00:00 0 
740c08000000-740c083f0000 rw-p 00000000 00:00 0 
740c083f0000-740c08cf0000 rw-p 00000000 00:00 0 
740c08cf0000-740c08d10000 rw-p 00000000 00:00 0 
740c08d10000-740c08d30000 rw-p 00000000 00:00 0 
740c08d30000-740c08d70000 rw-p 00000000 00:00 0 
740c08d70000-740c08ef0000 rw-p 00000000 00:00 0 
740c08ef0000-740c08f70000 rw-p 00000000 00:00 0 
740c08f70000-740c090f0000 rw-p 00000000 00:00 0 
740c090f0000-740c09130000 rw-p 00000000 00:00 0 
740c09130000-740c09170000 rw-p 00000000 00:00 0 
740c09170000-740c092f0000 rw-p 00000000 00:00 0 
740c092f0000-740c093d0000 rw-p 00000000 00:00 0 
740c093d0000-740c09400000 ---p 00000000 00:00 0 
740c09400000-740c09b10000 rw-p 00000000 00:00 0 
740c09b10000-740c0c000000 ---p 00000000 00:00 0 
740c0c000000-740c0c021000 rw-p 00000000 00:00 0 
740c0c021000-740c10000000 ---p 00000000 00:00 0 
740c11f4d000-740c12206000 rw-p 00000000 00:00 0 
740c125fd000-740c12601000 ---p 00000000 00:00 0 
740c12601000-740c126fd000 rw-p 00000000 00:00 0 
740c126fd000-740c126fe000 ---p 00000000 00:00 0 
740c126fe000-740c127fe000 rw-p 00000000 00:00 0 
740c127fe000-740c12802000 ---p 00000000 00:00 0 
740c12802000-740c128fe000 rw-p 00000000 00:00 0 
740c128fe000-740c12902000 ---p 00000000 00:00 0 
740c12902000-740c129fe000 rw-p 00000000 00:00 0 
740c129fe000-740c129ff000 ---p 00000000 00:00 0 
740c129ff000-740c12aff000 rw-p 00000000 00:00 0 
740c12aff000-740c12b00000 ---p 00000000 00:00 0 
740c12b00000-740c12c00000 rw-p 00000000 00:00 0 
740c12c00000-740c12c04000 ---p 00000000 00:00 0 
740c12c04000-740c12d00000 rw-p 00000000 00:00 0 
740c12d00000-740c12d04000 ---p 00000000 00:00 0 
740c12d04000-740c12e00000 rw-p 00000000 00:00 0 
740c12e00000-740c12e04000 ---p 00000000 00:00 0 
740c12e04000-740c12f00000 rw-p 00000000 00:00 0 
740c12f00000-740c12f04000 ---p 00000000 00:00 0 
740c12f04000-740c13000000 rw-p 00000000 00:00 0 
740c13000000-740c13ca8000 rw-p 00001000 08:02 13401944                   /home/varshil/jdk-21.0.2/lib/server/classes.jsa
740c13ca8000-740c14000000 ---p 00000000 00:00 0 
740c14000000-740c14030000 rw-p 00000000 00:00 0 
740c14030000-740c140b0000 rw-p 00000000 00:00 0 
740c140b0000-740c140f0000 rw-p 00000000 00:00 0 
740c140f0000-740c141d0000 rw-p 00000000 00:00 0 
740c141d0000-740c14230000 rw-p 00000000 00:00 0 
740c14230000-740c14250000 rw-p 00000000 00:00 0 
740c14250000-740c14330000 rw-p 00000000 00:00 0 
740c14330000-740c14350000 rw-p 00000000 00:00 0 
740c14350000-740c14380000 ---p 00000000 00:00 0 
740c14380000-740c14410000 rw-p 00000000 00:00 0 
740c14410000-740c54000000 ---p 00000000 00:00 0 
740c54000000-740c54021000 rw-p 00000000 00:00 0 
740c54021000-740c58000000 ---p 00000000 00:00 0 
740c58000000-740c58021000 rw-p 00000000 00:00 0 
740c58021000-740c5c000000 ---p 00000000 00:00 0 
740c5c000000-740c5c021000 rw-p 00000000 00:00 0 
740c5c021000-740c60000000 ---p 00000000 00:00 0 
740c60000000-740c60021000 rw-p 00000000 00:00 0 
740c60021000-740c64000000 ---p 00000000 00:00 0 
740c64000000-740c64021000 rw-p 00000000 00:00 0 
740c64021000-740c68000000 ---p 00000000 00:00 0 
740c68000000-740c68004000 ---p 00000000 00:00 0 
740c68004000-740c68100000 rw-p 00000000 00:00 0 
740c68100000-740c68104000 ---p 00000000 00:00 0 
740c68104000-740c68200000 rw-p 00000000 00:00 0 
740c68200000-740c68204000 ---p 00000000 00:00 0 
740c68204000-740c68300000 rw-p 00000000 00:00 0 
740c68300000-740c68304000 ---p 00000000 00:00 0 
740c68304000-740c68400000 rw-p 00000000 00:00 0 
740c68400000-740c68973000 r--p 00000000 08:02 1442664                    /usr/lib/locale/locale-archive
740c68a58000-740c68a5c000 ---p 00000000 00:00 0 
740c68a5c000-740c6ac10000 rw-p 00000000 00:00 0 
740c6ac10000-740c6ad00000 ---p 00000000 00:00 0 
740c6ad00000-740c6ad14000 rw-p 00000000 00:00 0 
740c6ad14000-740c6ad44000 ---p 00000000 00:00 0 
740c6ad44000-740c6ad48000 rw-p 00000000 00:00 0 
740c6ad48000-740c6c9f8000 ---p 00000000 00:00 0 
740c6c9f8000-740c6ca00000 rw-p 00000000 00:00 0 
740c6ca00000-740c6d1f0000 rwxp 00000000 00:00 0 
740c6d1f0000-740c73f37000 ---p 00000000 00:00 0 
740c73f37000-740c741a7000 rwxp 00000000 00:00 0 
740c741a7000-740c744c8000 ---p 00000000 00:00 0 
740c744c8000-740c74738000 rwxp 00000000 00:00 0 
740c74738000-740c7ba00000 ---p 00000000 00:00 0 
740c7ba00000-740c83ed5000 r--s 00000000 08:02 13401934                   /home/varshil/jdk-21.0.2/lib/modules
740c83f00000-740c83f04000 ---p 00000000 00:00 0 
740c83f04000-740c84000000 rw-p 00000000 00:00 0 
740c84000000-740c8539e000 rw-p 00000000 00:00 0 
740c8539e000-740c88000000 ---p 00000000 00:00 0 
740c88019000-740c88020000 r--s 00000000 08:02 1451382                    /usr/lib/x86_64-linux-gnu/gconv/gconv-modules.cache
740c88020000-740c880ee000 r-xp 00000000 08:02 13401917                   /home/varshil/jdk-21.0.2/lib/libjsvml.so
740c880ee000-740c880ef000 r--p 000cd000 08:02 13401917                   /home/varshil/jdk-21.0.2/lib/libjsvml.so
740c880ef000-740c880f0000 rw-p 000ce000 08:02 13401917                   /home/varshil/jdk-21.0.2/lib/libjsvml.so
740c880f0000-740c880f4000 ---p 00000000 00:00 0 
740c880f4000-740c881f0000 rw-p 00000000 00:00 0 
740c881f0000-740c881f1000 ---p 00000000 00:00 0 
740c881f1000-740c882f1000 rw-p 00000000 00:00 0 
740c882f1000-740c882f2000 ---p 00000000 00:00 0 
740c882f2000-740c88473000 rw-p 00000000 00:00 0 
740c88473000-740c88474000 ---p 00000000 00:00 0 
740c88474000-740c88574000 rw-p 00000000 00:00 0 
740c88574000-740c88575000 ---p 00000000 00:00 0 
740c88575000-740c88a79000 rw-p 00000000 00:00 0 
740c88a79000-740c88a7a000 ---p 00000000 00:00 0 
740c88a7a000-740c88b7a000 rw-p 00000000 00:00 0 
740c88b7a000-740c88b7b000 ---p 00000000 00:00 0 
740c88b7b000-740c88c7b000 rw-p 00000000 00:00 0 
740c88c7b000-740c88c7c000 ---p 00000000 00:00 0 
740c88c7c000-740c88d93000 rw-p 00000000 00:00 0 
740c88d93000-740c88db1000 ---p 00000000 00:00 0 
740c88db1000-740c88db4000 rw-p 00000000 00:00 0 
740c88db4000-740c88db9000 ---p 00000000 00:00 0 
740c88db9000-740c88dba000 rw-p 00000000 00:00 0 
740c88dba000-740c89150000 ---p 00000000 00:00 0 
740c89150000-740c89168000 rw-p 00000000 00:00 0 
740c89168000-740c89186000 ---p 00000000 00:00 0 
740c89186000-740c89189000 rw-p 00000000 00:00 0 
740c89189000-740c8918e000 ---p 00000000 00:00 0 
740c8918e000-740c8918f000 rw-p 00000000 00:00 0 
740c8918f000-740c89525000 ---p 00000000 00:00 0 
740c89525000-740c8992f000 rw-p 00000000 00:00 0 
740c8992f000-740c89a15000 ---p 00000000 00:00 0 
740c89a15000-740c89a25000 rw-p 00000000 00:00 0 
740c89a25000-740c89b00000 ---p 00000000 00:00 0 
740c89b00000-740c89b04000 ---p 00000000 00:00 0 
740c89b04000-740c89c00000 rw-p 00000000 00:00 0 
740c89c00000-740c8af12000 r-xp 00000000 08:02 13401947                   /home/varshil/jdk-21.0.2/lib/server/libjvm.so
740c8af12000-740c8af13000 ---p 01312000 08:02 13401947                   /home/varshil/jdk-21.0.2/lib/server/libjvm.so
740c8af13000-740c8afe0000 r--p 01312000 08:02 13401947                   /home/varshil/jdk-21.0.2/lib/server/libjvm.so
740c8afe0000-740c8b00e000 rw-p 013df000 08:02 13401947                   /home/varshil/jdk-21.0.2/lib/server/libjvm.so
740c8b00e000-740c8b074000 rw-p 00000000 00:00 0 
740c8b077000-740c8b078000 r--p 00000000 08:02 1469720                    /usr/lib/x86_64-linux-gnu/libnss_mdns4_minimal.so.2
740c8b078000-740c8b07a000 r-xp 00001000 08:02 1469720                    /usr/lib/x86_64-linux-gnu/libnss_mdns4_minimal.so.2
740c8b07a000-740c8b07b000 r--p 00003000 08:02 1469720                    /usr/lib/x86_64-linux-gnu/libnss_mdns4_minimal.so.2
740c8b07b000-740c8b07c000 r--p 00003000 08:02 1469720                    /usr/lib/x86_64-linux-gnu/libnss_mdns4_minimal.so.2
740c8b07c000-740c8b07d000 rw-p 00004000 08:02 1469720                    /usr/lib/x86_64-linux-gnu/libnss_mdns4_minimal.so.2
740c8b07d000-740c8b119000 rw-p 00000000 00:00 0 
740c8b119000-740c8b127000 r--p 00000000 08:02 1444007                    /usr/lib/x86_64-linux-gnu/libm.so.6
740c8b127000-740c8b1a3000 r-xp 0000e000 08:02 1444007                    /usr/lib/x86_64-linux-gnu/libm.so.6
740c8b1a3000-740c8b1fe000 r--p 0008a000 08:02 1444007                    /usr/lib/x86_64-linux-gnu/libm.so.6
740c8b1fe000-740c8b1ff000 r--p 000e4000 08:02 1444007                    /usr/lib/x86_64-linux-gnu/libm.so.6
740c8b1ff000-740c8b200000 rw-p 000e5000 08:02 1444007                    /usr/lib/x86_64-linux-gnu/libm.so.6
740c8b200000-740c8b228000 r--p 00000000 08:02 1443981                    /usr/lib/x86_64-linux-gnu/libc.so.6
740c8b228000-740c8b3bd000 r-xp 00028000 08:02 1443981                    /usr/lib/x86_64-linux-gnu/libc.so.6
740c8b3bd000-740c8b415000 r--p 001bd000 08:02 1443981                    /usr/lib/x86_64-linux-gnu/libc.so.6
740c8b415000-740c8b416000 ---p 00215000 08:02 1443981                    /usr/lib/x86_64-linux-gnu/libc.so.6
740c8b416000-740c8b41a000 r--p 00215000 08:02 1443981                    /usr/lib/x86_64-linux-gnu/libc.so.6
740c8b41a000-740c8b41c000 rw-p 00219000 08:02 1443981                    /usr/lib/x86_64-linux-gnu/libc.so.6
740c8b41c000-740c8b429000 rw-p 00000000 00:00 0 
740c8b42a000-740c8b42c000 r-xp 00000000 08:02 13401898                   /home/varshil/jdk-21.0.2/lib/libextnet.so
740c8b42c000-740c8b42d000 r--p 00001000 08:02 13401898                   /home/varshil/jdk-21.0.2/lib/libextnet.so
740c8b42d000-740c8b42e000 rw-p 00002000 08:02 13401898                   /home/varshil/jdk-21.0.2/lib/libextnet.so
740c8b42e000-740c8b43a000 r-xp 00000000 08:02 13401924                   /home/varshil/jdk-21.0.2/lib/libnet.so
740c8b43a000-740c8b43b000 r--p 0000b000 08:02 13401924                   /home/varshil/jdk-21.0.2/lib/libnet.so
740c8b43b000-740c8b43c000 rw-p 0000c000 08:02 13401924                   /home/varshil/jdk-21.0.2/lib/libnet.so
740c8b43c000-740c8b450000 r-xp 00000000 08:02 13401925                   /home/varshil/jdk-21.0.2/lib/libnio.so
740c8b450000-740c8b451000 r--p 00013000 08:02 13401925                   /home/varshil/jdk-21.0.2/lib/libnio.so
740c8b451000-740c8b452000 rw-p 00014000 08:02 13401925                   /home/varshil/jdk-21.0.2/lib/libnio.so
740c8b452000-740c8b459000 r-xp 00000000 08:02 13401933                   /home/varshil/jdk-21.0.2/lib/libzip.so
740c8b459000-740c8b45a000 ---p 00007000 08:02 13401933                   /home/varshil/jdk-21.0.2/lib/libzip.so
740c8b45a000-740c8b45b000 r--p 00007000 08:02 13401933                   /home/varshil/jdk-21.0.2/lib/libzip.so
740c8b45b000-740c8b45c000 rw-p 00008000 08:02 13401933                   /home/varshil/jdk-21.0.2/lib/libzip.so
740c8b45c000-740c8b4a3000 rw-p 00000000 00:00 0 
740c8b4a3000-740c8b4aa000 ---p 00000000 00:00 0 
740c8b4aa000-740c8b4b2000 rw-s 00000000 08:02 1444625                    /tmp/hsperfdata_varshil/4800
740c8b4b2000-740c8b4d2000 r-xp 00000000 08:02 13401905                   /home/varshil/jdk-21.0.2/lib/libjava.so
740c8b4d2000-740c8b4d3000 ---p 00020000 08:02 13401905                   /home/varshil/jdk-21.0.2/lib/libjava.so
740c8b4d3000-740c8b4d4000 r--p 00020000 08:02 13401905                   /home/varshil/jdk-21.0.2/lib/libjava.so
740c8b4d4000-740c8b4d5000 rw-p 00021000 08:02 13401905                   /home/varshil/jdk-21.0.2/lib/libjava.so
740c8b4d5000-740c8b4d6000 rw-p 00000000 00:00 0 
740c8b4d6000-740c8b4f1000 r-xp 00000000 08:02 13401913                   /home/varshil/jdk-21.0.2/lib/libjimage.so
740c8b4f1000-740c8b4f2000 ---p 0001b000 08:02 13401913                   /home/varshil/jdk-21.0.2/lib/libjimage.so
740c8b4f2000-740c8b4f4000 r--p 0001b000 08:02 13401913                   /home/varshil/jdk-21.0.2/lib/libjimage.so
740c8b4f4000-740c8b4f5000 rw-p 0001d000 08:02 13401913                   /home/varshil/jdk-21.0.2/lib/libjimage.so
740c8b4f5000-740c8b4f6000 r--p 00000000 08:02 1444036                    /usr/lib/x86_64-linux-gnu/librt.so.1
740c8b4f6000-740c8b4f7000 r-xp 00001000 08:02 1444036                    /usr/lib/x86_64-linux-gnu/librt.so.1
740c8b4f7000-740c8b4f8000 r--p 00002000 08:02 1444036                    /usr/lib/x86_64-linux-gnu/librt.so.1
740c8b4f8000-740c8b4f9000 r--p 00002000 08:02 1444036                    /usr/lib/x86_64-linux-gnu/librt.so.1
740c8b4f9000-740c8b4fa000 rw-p 00003000 08:02 1444036                    /usr/lib/x86_64-linux-gnu/librt.so.1
740c8b4fa000-740c8b4fe000 rw-p 00000000 00:00 0 
740c8b4fe000-740c8b4ff000 r--p 00000000 08:02 1444001                    /usr/lib/x86_64-linux-gnu/libdl.so.2
740c8b4ff000-740c8b500000 r-xp 00001000 08:02 1444001                    /usr/lib/x86_64-linux-gnu/libdl.so.2
740c8b500000-740c8b501000 r--p 00002000 08:02 1444001                    /usr/lib/x86_64-linux-gnu/libdl.so.2
740c8b501000-740c8b502000 r--p 00002000 08:02 1444001                    /usr/lib/x86_64-linux-gnu/libdl.so.2
740c8b502000-740c8b503000 rw-p 00003000 08:02 1444001                    /usr/lib/x86_64-linux-gnu/libdl.so.2
740c8b503000-740c8b504000 r--p 00000000 08:02 1444030                    /usr/lib/x86_64-linux-gnu/libpthread.so.0
740c8b504000-740c8b505000 r-xp 00001000 08:02 1444030                    /usr/lib/x86_64-linux-gnu/libpthread.so.0
740c8b505000-740c8b506000 r--p 00002000 08:02 1444030                    /usr/lib/x86_64-linux-gnu/libpthread.so.0
740c8b506000-740c8b507000 r--p 00002000 08:02 1444030                    /usr/lib/x86_64-linux-gnu/libpthread.so.0
740c8b507000-740c8b508000 rw-p 00003000 08:02 1444030                    /usr/lib/x86_64-linux-gnu/libpthread.so.0
740c8b508000-740c8b516000 r-xp 00000000 08:02 13401914                   /home/varshil/jdk-21.0.2/lib/libjli.so
740c8b516000-740c8b517000 ---p 0000e000 08:02 13401914                   /home/varshil/jdk-21.0.2/lib/libjli.so
740c8b517000-740c8b518000 r--p 0000e000 08:02 13401914                   /home/varshil/jdk-21.0.2/lib/libjli.so
740c8b518000-740c8b519000 rw-p 0000f000 08:02 13401914                   /home/varshil/jdk-21.0.2/lib/libjli.so
740c8b519000-740c8b51b000 r--p 00000000 08:02 1470297                    /usr/lib/x86_64-linux-gnu/libz.so.1.2.11
740c8b51b000-740c8b52c000 r-xp 00002000 08:02 1470297                    /usr/lib/x86_64-linux-gnu/libz.so.1.2.11
740c8b52c000-740c8b532000 r--p 00013000 08:02 1470297                    /usr/lib/x86_64-linux-gnu/libz.so.1.2.11
740c8b532000-740c8b533000 ---p 00019000 08:02 1470297                    /usr/lib/x86_64-linux-gnu/libz.so.1.2.11
740c8b533000-740c8b534000 r--p 00019000 08:02 1470297                    /usr/lib/x86_64-linux-gnu/libz.so.1.2.11
740c8b534000-740c8b535000 rw-p 0001a000 08:02 1470297                    /usr/lib/x86_64-linux-gnu/libz.so.1.2.11
740c8b535000-740c8b53f000 r-xp 00000000 08:02 13401900                   /home/varshil/jdk-21.0.2/lib/libinstrument.so
740c8b53f000-740c8b540000 ---p 0000a000 08:02 13401900                   /home/varshil/jdk-21.0.2/lib/libinstrument.so
740c8b540000-740c8b541000 r--p 0000a000 08:02 13401900                   /home/varshil/jdk-21.0.2/lib/libinstrument.so
740c8b541000-740c8b542000 rw-p 0000b000 08:02 13401900                   /home/varshil/jdk-21.0.2/lib/libinstrument.so
740c8b542000-740c8b543000 ---p 00000000 00:00 0 
740c8b543000-740c8b544000 r--p 00000000 00:00 0 
740c8b544000-740c8b546000 rw-p 00000000 00:00 0 
740c8b546000-740c8b548000 r--p 00000000 08:02 1443939                    /usr/lib/x86_64-linux-gnu/ld-linux-x86-64.so.2
740c8b548000-740c8b572000 r-xp 00002000 08:02 1443939                    /usr/lib/x86_64-linux-gnu/ld-linux-x86-64.so.2
740c8b572000-740c8b57d000 r--p 0002c000 08:02 1443939                    /usr/lib/x86_64-linux-gnu/ld-linux-x86-64.so.2
740c8b57d000-740c8b57e000 ---p 00000000 00:00 0 
740c8b57e000-740c8b580000 r--p 00037000 08:02 1443939                    /usr/lib/x86_64-linux-gnu/ld-linux-x86-64.so.2
740c8b580000-740c8b582000 rw-p 00039000 08:02 1443939                    /usr/lib/x86_64-linux-gnu/ld-linux-x86-64.so.2
7ffd55706000-7ffd5572a000 rw-p 00000000 00:00 0                          [stack]
7ffd55779000-7ffd5577d000 r--p 00000000 00:00 0                          [vvar]
7ffd5577d000-7ffd5577f000 r-xp 00000000 00:00 0                          [vdso]
ffffffffff600000-ffffffffff601000 --xp 00000000 00:00 0                  [vsyscall]
Total number of mappings: 265


VM Arguments:
jvm_args: -javaagent:/home/varshil/Downloads/ideaIC-2024.1.2/idea-IC-241.17011.79/lib/idea_rt.jar=41233:/home/varshil/Downloads/ideaIC-2024.1.2/idea-IC-241.17011.79/bin -Dfile.encoding=UTF-8 -Dsun.stdout.encoding=UTF-8 -Dsun.stderr.encoding=UTF-8 
java_command: com.lcwd.gateway.ApiGateWayApplication
java_class_path (initial): /home/varshil/Desktop/MicroServices/ApiGateWay/target/classes:/home/varshil/.m2/repository/org/springframework/boot/spring-boot-starter-webflux/3.2.5/spring-boot-starter-webflux-3.2.5.jar:/home/varshil/.m2/repository/org/springframework/boot/spring-boot-starter/3.2.5/spring-boot-starter-3.2.5.jar:/home/varshil/.m2/repository/org/springframework/boot/spring-boot/3.2.5/spring-boot-3.2.5.jar:/home/varshil/.m2/repository/org/springframework/boot/spring-boot-autoconfigure/3.2.5/spring-boot-autoconfigure-3.2.5.jar:/home/varshil/.m2/repository/org/springframework/boot/spring-boot-starter-logging/3.2.5/spring-boot-starter-logging-3.2.5.jar:/home/varshil/.m2/repository/ch/qos/logback/logback-classic/1.4.14/logback-classic-1.4.14.jar:/home/varshil/.m2/repository/ch/qos/logback/logback-core/1.4.14/logback-core-1.4.14.jar:/home/varshil/.m2/repository/org/apache/logging/log4j/log4j-to-slf4j/2.21.1/log4j-to-slf4j-2.21.1.jar:/home/varshil/.m2/repository/org/apache/logging/log4j/log4j-api/2.21.1/log4j-api-2.21.1.jar:/home/varshil/.m2/repository/org/slf4j/jul-to-slf4j/2.0.13/jul-to-slf4j-2.0.13.jar:/home/varshil/.m2/repository/jakarta/annotation/jakarta.annotation-api/2.1.1/jakarta.annotation-api-2.1.1.jar:/home/varshil/.m2/repository/org/yaml/snakeyaml/2.2/snakeyaml-2.2.jar:/home/varshil/.m2/repository/org/springframework/boot/spring-boot-starter-json/3.2.5/spring-boot-starter-json-3.2.5.jar:/home/varshil/.m2/repository/com/fasterxml/jackson/core/jackson-databind/2.15.4/jackson-databind-2.15.4.jar:/home/varshil/.m2/repository/com/fasterxml/jackson/datatype/jackson-datatype-jdk8/2.15.4/jackson-datatype-jdk8-2.15.4.jar:/home/varshil/.m2/repository/com/fasterxml/jackson/datatype/jackson-datatype-jsr310/2.15.4/jackson-datatype-jsr310-2.15.4.jar:/home/varshil/.m2/repository/com/fasterxml/jackson/module/jackson-module-parameter-names/2.15.4/jackson-module-parameter-names-2.15.4.jar:/home/varshil/.m2/repository/org/springframework/boot/spring-boot-starter-reactor-netty/3.2.5/spring-boot-starter-reactor-netty-3.2.5.jar:/home/varshil/.m2/repository/io/projectreactor/netty/reactor-netty-http/1.1.18/reactor-netty-http-1.1.18.jar:/home/varshil/.m2/repository/io/netty/netty-codec-http/4.1.109.Final/netty-codec-http-4.1.109.Final.jar:/home/varshil/.m2/repository/io/netty/netty-common/4.1.109.Final/netty-common-4.1.109.Final.jar:/home/varshil/.m2/repository/io/netty/netty-buffer/4.1.109.Final/netty-buffer-4.1.109.Final.jar:/home/varshil/.m2/repository/io/netty/netty-transport/4.1.109.Final/netty-transport-4.1.109.Final.jar:/home/varshil/.m2/repository/io/netty/netty-codec/4.1.109.Final/netty-codec-4.1.109.Final.jar:/home/varshil/.m2/repository/io/netty/netty-handler/4.1.109.Final/netty-handler-4.1.109.Final.jar:/home/varshil/.m2/repository/io/netty/netty-codec-http2/4.1.109.Final/netty-codec-http2-4.1.109.Final.jar:/home/varshil/.m2/repository/io/netty/netty-resolver-dns/4.1.109.Final/netty-resolver-dns-4.1.109.Final.jar:/home/varshil/.m2/repository/io/netty/netty-resolver/4.1.109.Final/netty-resolver-4.1.109.Final.jar:/home/varshil/.m2/repository/io/netty/netty-codec-dns/4.1.109.Final/netty-codec-dns-4.1.109.Final.jar:/home/varshil/.m2/repository/io/netty/netty-resolver-dns-native-macos/4.1.109.Final/netty-resolver-dns-native-macos-4.1.109.Final-osx-x86_64.jar:/home/varshil/.m2/repository/io/netty/netty-resolver-dns-classes-macos/4.1.109.Final/netty-resolver-dns-classes-macos-4.1.109.Final.jar:/home/varshil/.m2/repository/io/netty/netty-transport-native-epoll/4.1.109.Final/netty-transport-native-epoll-4.1.109.Final-linux-x86_64.jar:/home/varshil/.m2/repository/io/netty/netty-transport-native-unix-common/4.1.109.Final/netty-transport-native-unix-common-4.1.109.Final.jar:/home/varshil/.m2/repository/io/netty/netty-transport-classes-epoll/4.1.109.Final/netty-transport-classes-epoll-4.1.109.Final.jar:/home/varshil/.m2/repository/io/projectreactor/netty/reactor-netty-core/1.1.18/reactor-netty-core-1.1.18.jar:/home/varshil/.m2/repository/io/netty/netty-handler-proxy/4.1.109.Final/netty-handler-proxy-4.1.109.Final.jar:/home/varshil/.m2/repository/io/netty/netty-codec-socks/4.1.109.Final/netty-codec-socks-4.1.109.Final.jar:/home/varshil/.m2/repository/org/springframework/spring-web/6.1.6/spring-web-6.1.6.jar:/home/varshil/.m2/repository/org/springframework/spring-beans/6.1.6/spring-beans-6.1.6.jar:/home/varshil/.m2/repository/io/micrometer/micrometer-observation/1.12.5/micrometer-observation-1.12.5.jar:/home/varshil/.m2/repository/io/micrometer/micrometer-commons/1.12.5/micrometer-commons-1.12.5.jar:/home/varshil/.m2/repository/org/springframework/spring-webflux/6.1.6/spring-webflux-6.1.6.jar:/home/varshil/.m2/repository/org/springframework/cloud/spring-cloud-starter/4.1.2/spring-cloud-starter-4.1.2.jar:/home/varshil/.m2/repository/org/springframework/cloud/spring-cloud-context/4.1.2/spring-cloud-context-4.1.2.jar:/home/varshil/.m2/repository/org/springframework/security/spring-security-crypto/6.2.4/spring-security-crypto-6.2.4.jar:/home/varshil/.m2/repository/org/springframework/cloud/spring-cloud-commons/4.1.2/spring-cloud-commons-4.1.2.jar:/home/varshil/.m2/repository/org/springframework/security/spring-security-rsa/1.1.2/spring-security-rsa-1.1.2.jar:/home/varshil/.m2/repository/org/bouncycastle/bcprov-jdk18on/1.77/bcprov-jdk18on-1.77.jar:/home/varshil/.m2/repository/org/springframework/cloud/spring-cloud-starter-gateway/4.1.2/spring-cloud-starter-gateway-4.1.2.jar:/home/varshil/.m2/repository/org/springframework/cloud/spring-cloud-gateway-server/4.1.2/spring-cloud-gateway-server-4.1.2.jar:/home/varshil/.m2/repository/org/springframework/boot/spring-boot-starter-validation/3.2.5/spring-boot-starter-validation-3.2.5.jar:/home/varshil/.m2/repository/org/apache/tomcat/embed/tomcat-embed-el/10.1.20/tomcat-embed-el-10.1.20.jar:/home/varshil/.m2/repository/org/hibernate/validator/hibernate-validator/8.0.1.Final/hibernate-validator-8.0.1.Final.jar:/home/varshil/.m2/repository/org/jboss/logging/jboss-logging/3.5.3.Final/jboss-logging-3.5.3.Final.jar:/home/varshil/.m2/repository/com/fasterxml/classmate/1.6.0/classmate-1.6.0.jar:/home/varshil/.m2/repository/io/projectreactor/addons/reactor-extra/3.5.1/reactor-extra-3.5.1.jar:/home/varshil/.m2/repository/org/springframework/cloud/spring-cloud-starter-netflix-eureka-client/4.1.1/spring-cloud-starter-netflix-eureka-client-4.1.1.jar:/home/varshil/.m2/repository/org/springframework/cloud/spring-cloud-netflix-eureka-client/4.1.1/spring-cloud-netflix-eureka-client-4.1.1.jar:/home/varshil/.m2/repository/org/apache/httpcomponents/client5/httpclient5/5.2.3/httpclient5-5.2.3.jar:/home/varshil/.m2/repository/org/apache/httpcomponents/core5/httpcore5/5.2.4/httpcore5-5.2.4.jar:/home/varshil/.m2/repository/org/apache/httpcomponents/core5/httpcore5-h2/5.2.4/httpcore5-h2-5.2.4.jar:/home/varshil/.m2/repository/com/netflix/eureka/eureka-client/2.0.2/eureka-client-2.0.2.jar:/home/varshil/.m2/repository/com/netflix/netflix-commons/netflix-eventbus/0.3.0/netflix-eventbus-0.3.0.jar:/home/varshil/.m2/repository/com/netflix/netflix-commons/netflix-infix/0.3.0/netflix-infix-0.3.0.jar:/home/varshil/.m2/repository/commons-jxpath/commons-jxpath/1.3/commons-jxpath-1.3.jar:/home/varshil/.m2/repository/joda-time/joda-time/2.3/joda-time-2.3.jar:/home/varshil/.m2/repository/org/antlr/antlr-runtime/3.4/antlr-runtime-3.4.jar:/home/varshil/.m2/repository/org/antlr/stringtemplate/3.2.1/stringtemplate-3.2.1.jar:/home/varshil/.m2/repository/antlr/antlr/2.7.7/antlr-2.7.7.jar:/home/varshil/.m2/repository/com/google/code/gson/gson/2.10.1/gson-2.10.1.jar:/home/varshil/.m2/repository/org/apache/commons/commons-math/2.2/commons-math-2.2.jar:/home/varshil/.m2/repository/com/thoughtworks/xstream/xstream/1.4.19/xstream-1.4.19.jar:/home/varshil/.m2/repository/io/github/x-stream/mxparser/1.2.2/mxparser-1.2.2.jar:/home/varshil/.m2/repository/xmlpull/xmlpull/1.1.3.1/xmlpull-1.1.3.1.jar:/home/varshil/.m2/repository/jakarta/ws/rs/jakarta.ws.rs-api/3.1.0/jakarta.ws.rs-api-3.1.0.jar:/home/varshil/.m2/repository/jakarta/inject/jakarta.inject-api/2.0.1/jakarta.inject-api-2.0.1.jar:/home/varshil/.m2/repository/com/netflix/servo/servo-core/0.12.21/servo-core-0.12.21.jar:/home/varshil/.m2/repository/com/google/guava/guava/19.0/guava-19.0.jar:/home/varshil/.m2/repository/org/apache/httpcomponents/httpclient/4.5.3/httpclient-4.5.3.jar:/home/varshil/.m2/repository/org/apache/httpcomponents/httpcore/4.4.16/httpcore-4.4.16.jar:/home/varshil/.m2/repository/commons-codec/commons-codec/1.16.1/commons-codec-1.16.1.jar:/home/varshil/.m2/repository/commons-configuration/commons-configuration/1.10/commons-configuration-1.10.jar:/home/varshil/.m2/repository/commons-lang/commons-lang/2.6/commons-lang-2.6.jar:/home/varshil/.m2/repository/com/fasterxml/jackson/core/jackson-annotations/2.15.4/jackson-annotations-2.15.4.jar:/home/varshil/.m2/repository/com/fasterxml/jackson/core/jackson-core/2.15.4/jackson-core-2.15.4.jar:/home/varshil/.m2/repository/org/codehaus/jettison/jettison/1.5.4/jettison-1.5.4.jar:/home/varshil/.m2/repository/com/netflix/eureka/eureka-core/2.0.2/eureka-core-2.0.2.jar:/home/varshil/.m2/repository/com/fasterxml/woodstox/woodstox-core/6.2.1/woodstox-core-6.2.1.jar:/home/varshil/.m2/repository/org/codehaus/woodstox/stax2-api/4.2.1/stax2-api-4.2.1.jar:/home/varshil/.m2/repository/org/springframework/cloud/spring-cloud-starter-loadbalancer/4.1.2/spring-cloud-starter-loadbalancer-4.1.2.jar:/home/varshil/.m2/repository/org/springframework/cloud/spring-cloud-loadbalancer/4.1.2/spring-cloud-loadbalancer-4.1.2.jar:/home/varshil/.m2/repository/org/springframework/boot/spring-boot-starter-cache/3.2.5/spring-boot-starter-cache-3.2.5.jar:/home/varshil/.m2/repository/org/springframework/spring-context-support/6.1.6/spring-context-support-6.1.6.jar:/home/varshil/.m2/repository/com/stoyanr/evictor/1.0.0/evictor-1.0.0.jar:/home/varshil/.m2/repository/org/projectlombok/lombok/1.18.32/lombok-1.18.32.jar:/home/varshil/.m2/repository/org/slf4j/slf4j-api/2.0.13/slf4j-api-2.0.13.jar:/home/varshil/.m2/repository/net/minidev/json-smart/2.5.1/json-smart-2.5.1.jar:/home/varshil/.m2/repository/net/minidev/accessors-smart/2.5.1/accessors-smart-2.5.1.jar:/home/varshil/.m2/repository/org/ow2/asm/asm/9.6/asm-9.6.jar:/home/varshil/.m2/repository/org/springframework/spring-core/6.1.6/spring-core-6.1.6.jar:/home/varshil/.m2/repository/org/springframework/spring-jcl/6.1.6/spring-jcl-6.1.6.jar:/home/varshil/.m2/repository/io/projectreactor/reactor-core/3.6.5/reactor-core-3.6.5.jar:/home/varshil/.m2/repository/org/reactivestreams/reactive-streams/1.0.4/reactive-streams-1.0.4.jar:/home/varshil/.m2/repository/org/springframework/boot/spring-boot-starter-security/3.2.5/spring-boot-starter-security-3.2.5.jar:/home/varshil/.m2/repository/org/springframework/spring-aop/6.1.6/spring-aop-6.1.6.jar:/home/varshil/.m2/repository/org/springframework/security/spring-security-config/6.2.4/spring-security-config-6.2.4.jar:/home/varshil/.m2/repository/org/springframework/security/spring-security-core/6.2.4/spring-security-core-6.2.4.jar:/home/varshil/.m2/repository/org/springframework/spring-context/6.1.6/spring-context-6.1.6.jar:/home/varshil/.m2/repository/org/springframework/security/spring-security-web/6.2.4/spring-security-web-6.2.4.jar:/home/varshil/.m2/repository/org/springframework/spring-expression/6.1.6/spring-expression-6.1.6.jar:/home/varshil/.m2/repository/com/okta/spring/okta-spring-boot-starter/3.0.6/okta-spring-boot-starter-3.0.6.jar:/home/varshil/.m2/repository/com/okta/spring/okta-spring-security-oauth2/3.0.6/okta-spring-security-oauth2-3.0.6.jar:/home/varshil/.m2/repository/jakarta/validation/jakarta.validation-api/3.0.2/jakarta.validation-api-3.0.2.jar:/home/varshil/.m2/repository/com/okta/commons/okta-config-check/1.3.3/okta-config-check-1.3.3.jar:/home/varshil/.m2/repository/com/okta/commons/okta-commons-lang/1.3.3/okta-commons-lang-1.3.3.jar:/home/varshil/.m2/repository/org/springframework/security/spring-security-oauth2-client/6.2.4/spring-security-oauth2-client-6.2.4.jar:/home/varshil/.m2/repository/org/springframework/security/spring-security-oauth2-core/6.2.4/spring-security-oauth2-core-6.2.4.jar:/home/varshil/.m2/repository/com/nimbusds/oauth2-oidc-sdk/9.43.3/oauth2-oidc-sdk-9.43.3.jar:/home/varshil/.m2/repository/com/github/stephenc/jcip/jcip-annotations/1.0-1/jcip-annotations-1.0-1.jar:/home/varshil/.m2/repository/com/nimbusds/content-type/2.2/content-type-2.2.jar:/home/varshil/.m2/repository/com/nimbusds/lang-tag/1.7/lang-tag-1.7.jar:/home/varshil/.m2/repository/org/springframework/security/spring-security-oauth2-jose/6.2.4/spring-security-oauth2-jose-6.2.4.jar:/home/varshil/.m2/repository/com/nimbusds/nimbus-jose-jwt/9.24.4/nimbus-jose-jwt-9.24.4.jar:/home/varshil/.m2/repository/org/springframework/security/spring-security-oauth2-resource-server/6.2.4/spring-security-oauth2-resource-server-6.2.4.jar:/home/varshil/.m2/repository/com/okta/spring/okta-spring-sdk/3.0.6/okta-spring-sdk-3.0.6.jar
Launcher Type: SUN_STANDARD

[Global flags]
     intx CICompilerCount                          = 3                                         {product} {ergonomic}
     uint ConcGCThreads                            = 1                                         {product} {ergonomic}
     uint G1ConcRefinementThreads                  = 4                                         {product} {ergonomic}
   size_t G1HeapRegionSize                         = 1048576                                   {product} {ergonomic}
    uintx GCDrainStackTargetSize                   = 64                                        {product} {ergonomic}
   size_t InitialHeapSize                          = 130023424                                 {product} {ergonomic}
   size_t MarkStackSize                            = 4194304                                   {product} {ergonomic}
   size_t MaxHeapSize                              = 2057306112                                {product} {ergonomic}
   size_t MaxNewSize                               = 1234173952                                {product} {ergonomic}
   size_t MinHeapDeltaBytes                        = 1048576                                   {product} {ergonomic}
   size_t MinHeapSize                              = 8388608                                   {product} {ergonomic}
    uintx NonNMethodCodeHeapSize                   = 5832780                                {pd product} {ergonomic}
    uintx NonProfiledCodeHeapSize                  = 122912730                              {pd product} {ergonomic}
    uintx ProfiledCodeHeapSize                     = 122912730                              {pd product} {ergonomic}
    uintx ReservedCodeCacheSize                    = 251658240                              {pd product} {ergonomic}
     bool SegmentedCodeCache                       = true                                      {product} {ergonomic}
   size_t SoftMaxHeapSize                          = 2057306112                             {manageable} {ergonomic}
     bool UseCompressedOops                        = true                           {product lp64_product} {ergonomic}
     bool UseG1GC                                  = true                                      {product} {ergonomic}

Logging:
Log output configuration:
 #0: stdout all=warning uptime,level,tags foldmultilines=false
 #1: stderr all=off uptime,level,tags foldmultilines=false

Environment Variables:
PATH=/usr/local/sbin:/usr/local/bin:/usr/sbin:/usr/bin:/sbin:/bin:/usr/games:/usr/local/games:/snap/bin:/snap/bin
USERNAME=varshil
SHELL=/bin/bash
DISPLAY=:0
LANG=en_IN

Active Locale:
LC_ALL=en_IN
LC_COLLATE=en_IN
LC_CTYPE=en_IN
LC_MESSAGES=en_IN
LC_MONETARY=en_IN
LC_NUMERIC=en_IN
LC_TIME=en_IN

Signal Handlers:
   SIGSEGV: crash_handler in libjvm.so, mask=11100100010111111101111111111110, flags=SA_RESTART|SA_SIGINFO, unblocked
    SIGBUS: crash_handler in libjvm.so, mask=11100100010111111101111111111110, flags=SA_RESTART|SA_SIGINFO, unblocked
    SIGFPE: crash_handler in libjvm.so, mask=11100100010111111101111111111110, flags=SA_RESTART|SA_SIGINFO, unblocked
   SIGPIPE: javaSignalHandler in libjvm.so, mask=11100100010111111101111111111110, flags=SA_RESTART|SA_SIGINFO, blocked
   SIGXFSZ: javaSignalHandler in libjvm.so, mask=11100100010111111101111111111110, flags=SA_RESTART|SA_SIGINFO, blocked
    SIGILL: crash_handler in libjvm.so, mask=11100100010111111101111111111110, flags=SA_RESTART|SA_SIGINFO, unblocked
   SIGUSR2: SR_handler in libjvm.so, mask=00100000000000000000000000000000, flags=SA_RESTART|SA_SIGINFO, blocked
    SIGHUP: UserHandler in libjvm.so, mask=11100100010111111101111111111110, flags=SA_RESTART|SA_SIGINFO, blocked
    SIGINT: UserHandler in libjvm.so, mask=11100100010111111101111111111110, flags=SA_RESTART|SA_SIGINFO, blocked
   SIGTERM: UserHandler in libjvm.so, mask=11100100010111111101111111111110, flags=SA_RESTART|SA_SIGINFO, blocked
   SIGQUIT: UserHandler in libjvm.so, mask=11100100010111111101111111111110, flags=SA_RESTART|SA_SIGINFO, blocked
   SIGTRAP: crash_handler in libjvm.so, mask=11100100010111111101111111111110, flags=SA_RESTART|SA_SIGINFO, unblocked


Periodic native trim disabled

---------------  S Y S T E M  ---------------

OS:
DISTRIB_ID=Ubuntu
DISTRIB_RELEASE=22.04
DISTRIB_CODENAME=jammy
DISTRIB_DESCRIPTION="Ubuntu 22.04.4 LTS"
uname: Linux 6.5.0-35-generic #35~22.04.1-Ubuntu SMP PREEMPT_DYNAMIC Tue May  7 09:00:52 UTC 2 x86_64
OS uptime: 0 days 0:05 hours
libc: glibc 2.35 NPTL 2.35 
rlimit (soft/hard): STACK 8192k/infinity , CORE 0k/infinity , NPROC 31072/31072 , NOFILE 1048576/1048576 , AS infinity/infinity , CPU infinity/infinity , DATA infinity/infinity , FSIZE infinity/infinity , MEMLOCK 1003968k/1003968k
load average: 2.10 1.39 0.63

/proc/meminfo:
MemTotal:        8031772 kB
MemFree:          334140 kB
MemAvailable:    3138024 kB
Buffers:          105404 kB
Cached:          3092700 kB
SwapCached:            0 kB
Active:          5728368 kB
Inactive:        1393664 kB
Active(anon):    4152236 kB
Inactive(anon):        0 kB
Active(file):    1576132 kB
Inactive(file):  1393664 kB
Unevictable:      179460 kB
Mlocked:              32 kB
SwapTotal:       2097148 kB
SwapFree:        2097148 kB
Zswap:                 0 kB
Zswapped:              0 kB
Dirty:              1996 kB
Writeback:             0 kB
AnonPages:       4103612 kB
Mapped:          1143732 kB
Shmem:            228204 kB
KReclaimable:     109864 kB
Slab:             243404 kB
SReclaimable:     109864 kB
SUnreclaim:       133540 kB
KernelStack:       16884 kB
PageTables:        31640 kB
SecPageTables:         0 kB
NFS_Unstable:          0 kB
Bounce:                0 kB
WritebackTmp:          0 kB
CommitLimit:     6113032 kB
Committed_AS:    9051916 kB
VmallocTotal:   34359738367 kB
VmallocUsed:       40692 kB
VmallocChunk:          0 kB
Percpu:             3248 kB
HardwareCorrupted:     0 kB
AnonHugePages:         0 kB
ShmemHugePages:        0 kB
ShmemPmdMapped:        0 kB
FileHugePages:         0 kB
FilePmdMapped:         0 kB
Unaccepted:            0 kB
HugePages_Total:       0
HugePages_Free:        0
HugePages_Rsvd:        0
HugePages_Surp:        0
Hugepagesize:       2048 kB
Hugetlb:               0 kB
DirectMap4k:      177300 kB
DirectMap2M:     3926016 kB
DirectMap1G:     4194304 kB

/sys/kernel/mm/transparent_hugepage/enabled: always [madvise] never
/sys/kernel/mm/transparent_hugepage/defrag (defrag/compaction efforts parameter): always defer defer+madvise [madvise] never

Process Memory:
Virtual Size: 5303836K (peak: 5307896K)
Resident Set Size: 195184K (peak: 199100K) (anon: 169908K, file: 25276K, shmem: 0K)
Swapped out: 0K
C-Heap outstanding allocations: 68452K, retained: 9735K
glibc malloc tunables: (default)

/proc/sys/kernel/threads-max (system-wide limit on the number of threads): 62144
/proc/sys/vm/max_map_count (maximum number of memory map areas a process may have): 65530
/proc/sys/kernel/pid_max (system-wide limit on number of process identifiers): 4194304

container (cgroup) information:
container_type: cgroupv2
cpu_cpuset_cpus: not supported
cpu_memory_nodes: not supported
active_processor_count: 4
cpu_quota: not supported
cpu_period: not supported
cpu_shares: not supported
memory_limit_in_bytes: unlimited
memory_and_swap_limit_in_bytes: unlimited
memory_soft_limit_in_bytes: unlimited
memory_usage_in_bytes: 4661700 k
memory_max_usage_in_bytes: not supported
memory_swap_current_in_bytes: unlimited
memory_swap_max_limit_in_bytes: unlimited
maximum number of tasks: 9321
current number of tasks: 426

Steal ticks since vm start: 0
Steal ticks percentage since vm start:  0.000

CPU: total 4 (initial active 4) (2 cores per cpu, 2 threads per core) family 6 model 94 stepping 3 microcode 0xf0, cx8, cmov, fxsr, ht, mmx, 3dnowpref, sse, sse2, sse3, ssse3, sse4.1, sse4.2, popcnt, lzcnt, tsc, tscinvbit, avx, avx2, aes, erms, clmul, bmi1, bmi2, adx, fma, vzeroupper, clflush, clflushopt, rdtscp, f16c
CPU Model and flags from /proc/cpuinfo:
model name	: Intel(R) Core(TM) i3-6100 CPU @ 3.70GHz
flags		: fpu vme de pse tsc msr pae mce cx8 apic sep mtrr pge mca cmov pat pse36 clflush dts acpi mmx fxsr sse sse2 ss ht tm pbe syscall nx pdpe1gb rdtscp lm constant_tsc art arch_perfmon pebs bts rep_good nopl xtopology nonstop_tsc cpuid aperfmperf pni pclmulqdq dtes64 monitor ds_cpl vmx est tm2 ssse3 sdbg fma cx16 xtpr pdcm pcid sse4_1 sse4_2 x2apic movbe popcnt tsc_deadline_timer aes xsave avx f16c rdrand lahf_lm abm 3dnowprefetch cpuid_fault invpcid_single pti ssbd ibrs ibpb stibp tpr_shadow flexpriority ept vpid ept_ad fsgsbase tsc_adjust bmi1 avx2 smep bmi2 erms invpcid mpx rdseed adx smap clflushopt intel_pt xsaveopt xsavec xgetbv1 xsaves dtherm arat pln pts hwp hwp_notify hwp_act_window hwp_epp vnmi md_clear flush_l1d arch_capabilities

Online cpus: 0-3
Offline cpus: 
BIOS frequency limitation: <Not Available>
Frequency switch latency (ns): 0
Available cpu frequencies: <Not Available>
Current governor: powersave
Core performance/turbo boost: <Not Available>

Memory: 4k page, physical 8031772k(3137772k free), swap 2097148k(2097148k free)
Page Sizes: 4k

vm_info: Java HotSpot(TM) 64-Bit Server VM (21.0.2+13-LTS-58) for linux-amd64 JRE (21.0.2+13-LTS-58), built on 2024-01-05T18:32:24Z by "mach5one" with gcc 11.2.0

END.
